{"/Users/hec/repos/2023/CS4530/Project/team109-project/implementation/spreadsheet-app/src/components/Calculator/calculator.spec.ts": {"path":"/Users/hec/repos/2023/CS4530/Project/team109-project/implementation/spreadsheet-app/src/components/Calculator/calculator.spec.ts","statementMap":{"0":{"start":{"line":3,"column":0},"end":{"line":69,"column":3}},"1":{"start":{"line":6,"column":4},"end":{"line":8,"column":7}},"2":{"start":{"line":7,"column":8},"end":{"line":7,"column":38}},"3":{"start":{"line":10,"column":4},"end":{"line":12,"column":7}},"4":{"start":{"line":11,"column":8},"end":{"line":11,"column":63}},"5":{"start":{"line":14,"column":4},"end":{"line":16,"column":7}},"6":{"start":{"line":15,"column":8},"end":{"line":15,"column":63}},"7":{"start":{"line":18,"column":4},"end":{"line":20,"column":7}},"8":{"start":{"line":19,"column":8},"end":{"line":19,"column":64}},"9":{"start":{"line":22,"column":4},"end":{"line":24,"column":7}},"10":{"start":{"line":23,"column":8},"end":{"line":23,"column":64}},"11":{"start":{"line":26,"column":4},"end":{"line":28,"column":7}},"12":{"start":{"line":27,"column":8},"end":{"line":27,"column":64}},"13":{"start":{"line":30,"column":4},"end":{"line":32,"column":7}},"14":{"start":{"line":31,"column":8},"end":{"line":31,"column":68}},"15":{"start":{"line":34,"column":4},"end":{"line":36,"column":7}},"16":{"start":{"line":35,"column":8},"end":{"line":35,"column":69}},"17":{"start":{"line":38,"column":4},"end":{"line":40,"column":7}},"18":{"start":{"line":39,"column":8},"end":{"line":39,"column":70}},"19":{"start":{"line":42,"column":4},"end":{"line":44,"column":7}},"20":{"start":{"line":43,"column":8},"end":{"line":43,"column":81}},"21":{"start":{"line":46,"column":4},"end":{"line":48,"column":7}},"22":{"start":{"line":47,"column":8},"end":{"line":47,"column":90}},"23":{"start":{"line":47,"column":21},"end":{"line":47,"column":59}},"24":{"start":{"line":50,"column":4},"end":{"line":52,"column":7}},"25":{"start":{"line":51,"column":8},"end":{"line":51,"column":63}},"26":{"start":{"line":54,"column":4},"end":{"line":56,"column":7}},"27":{"start":{"line":55,"column":8},"end":{"line":55,"column":63}},"28":{"start":{"line":58,"column":4},"end":{"line":60,"column":7}},"29":{"start":{"line":59,"column":8},"end":{"line":59,"column":60}},"30":{"start":{"line":62,"column":4},"end":{"line":64,"column":7}},"31":{"start":{"line":63,"column":8},"end":{"line":63,"column":64}},"32":{"start":{"line":66,"column":4},"end":{"line":68,"column":7}},"33":{"start":{"line":67,"column":8},"end":{"line":67,"column":64}}},"fnMap":{"0":{"name":"(anonymous_0)","decl":{"start":{"line":3,"column":29},"end":{"line":3,"column":30}},"loc":{"start":{"line":3,"column":35},"end":{"line":69,"column":1}},"line":3},"1":{"name":"(anonymous_1)","decl":{"start":{"line":6,"column":14},"end":{"line":6,"column":15}},"loc":{"start":{"line":6,"column":20},"end":{"line":8,"column":5}},"line":6},"2":{"name":"(anonymous_2)","decl":{"start":{"line":10,"column":29},"end":{"line":10,"column":30}},"loc":{"start":{"line":10,"column":35},"end":{"line":12,"column":5}},"line":10},"3":{"name":"(anonymous_3)","decl":{"start":{"line":14,"column":34},"end":{"line":14,"column":35}},"loc":{"start":{"line":14,"column":40},"end":{"line":16,"column":5}},"line":14},"4":{"name":"(anonymous_4)","decl":{"start":{"line":18,"column":35},"end":{"line":18,"column":36}},"loc":{"start":{"line":18,"column":41},"end":{"line":20,"column":5}},"line":18},"5":{"name":"(anonymous_5)","decl":{"start":{"line":22,"column":32},"end":{"line":22,"column":33}},"loc":{"start":{"line":22,"column":38},"end":{"line":24,"column":5}},"line":22},"6":{"name":"(anonymous_6)","decl":{"start":{"line":26,"column":34},"end":{"line":26,"column":35}},"loc":{"start":{"line":26,"column":40},"end":{"line":28,"column":5}},"line":26},"7":{"name":"(anonymous_7)","decl":{"start":{"line":30,"column":49},"end":{"line":30,"column":50}},"loc":{"start":{"line":30,"column":55},"end":{"line":32,"column":5}},"line":30},"8":{"name":"(anonymous_8)","decl":{"start":{"line":34,"column":46},"end":{"line":34,"column":47}},"loc":{"start":{"line":34,"column":52},"end":{"line":36,"column":5}},"line":34},"9":{"name":"(anonymous_9)","decl":{"start":{"line":38,"column":32},"end":{"line":38,"column":33}},"loc":{"start":{"line":38,"column":38},"end":{"line":40,"column":5}},"line":38},"10":{"name":"(anonymous_10)","decl":{"start":{"line":42,"column":39},"end":{"line":42,"column":40}},"loc":{"start":{"line":42,"column":45},"end":{"line":44,"column":5}},"line":42},"11":{"name":"(anonymous_11)","decl":{"start":{"line":46,"column":45},"end":{"line":46,"column":46}},"loc":{"start":{"line":46,"column":51},"end":{"line":48,"column":5}},"line":46},"12":{"name":"(anonymous_12)","decl":{"start":{"line":47,"column":15},"end":{"line":47,"column":16}},"loc":{"start":{"line":47,"column":21},"end":{"line":47,"column":59}},"line":47},"13":{"name":"(anonymous_13)","decl":{"start":{"line":50,"column":47},"end":{"line":50,"column":48}},"loc":{"start":{"line":50,"column":53},"end":{"line":52,"column":5}},"line":50},"14":{"name":"(anonymous_14)","decl":{"start":{"line":54,"column":51},"end":{"line":54,"column":52}},"loc":{"start":{"line":54,"column":57},"end":{"line":56,"column":5}},"line":54},"15":{"name":"(anonymous_15)","decl":{"start":{"line":58,"column":33},"end":{"line":58,"column":34}},"loc":{"start":{"line":58,"column":39},"end":{"line":60,"column":5}},"line":58},"16":{"name":"(anonymous_16)","decl":{"start":{"line":62,"column":43},"end":{"line":62,"column":44}},"loc":{"start":{"line":62,"column":49},"end":{"line":64,"column":5}},"line":62},"17":{"name":"(anonymous_17)","decl":{"start":{"line":66,"column":37},"end":{"line":66,"column":38}},"loc":{"start":{"line":66,"column":43},"end":{"line":68,"column":5}},"line":66}},"branchMap":{},"s":{"0":1,"1":1,"2":1,"3":1,"4":1,"5":1,"6":1,"7":1,"8":1,"9":1,"10":1,"11":1,"12":1,"13":1,"14":1,"15":1,"16":1,"17":1,"18":1,"19":1,"20":1,"21":1,"22":1,"23":1,"24":1,"25":1,"26":1,"27":1,"28":1,"29":1,"30":1,"31":1,"32":1,"33":1},"f":{"0":1,"1":1,"2":1,"3":1,"4":1,"5":1,"6":1,"7":1,"8":1,"9":1,"10":1,"11":1,"12":1,"13":1,"14":1,"15":1,"16":1,"17":1},"b":{},"_coverageSchema":"1a1c01bbd47fc00a2c39e90264f33305004495a9","hash":"483e7b92383af69caded03afdcdf6f633be52c02"}
,"/Users/hec/repos/2023/CS4530/Project/team109-project/implementation/spreadsheet-app/src/components/Calculator/calculator.ts": {"path":"/Users/hec/repos/2023/CS4530/Project/team109-project/implementation/spreadsheet-app/src/components/Calculator/calculator.ts","statementMap":{"0":{"start":{"line":5,"column":23},"end":{"line":5,"column":76}},"1":{"start":{"line":6,"column":8},"end":{"line":6,"column":32}},"2":{"start":{"line":6,"column":21},"end":{"line":6,"column":32}},"3":{"start":{"line":8,"column":34},"end":{"line":8,"column":36}},"4":{"start":{"line":9,"column":36},"end":{"line":9,"column":38}},"5":{"start":{"line":11,"column":8},"end":{"line":27,"column":9}},"6":{"start":{"line":12,"column":12},"end":{"line":26,"column":13}},"7":{"start":{"line":13,"column":16},"end":{"line":13,"column":48}},"8":{"start":{"line":14,"column":19},"end":{"line":26,"column":13}},"9":{"start":{"line":15,"column":16},"end":{"line":15,"column":38}},"10":{"start":{"line":16,"column":19},"end":{"line":26,"column":13}},"11":{"start":{"line":17,"column":16},"end":{"line":19,"column":17}},"12":{"start":{"line":18,"column":20},"end":{"line":18,"column":58}},"13":{"start":{"line":20,"column":16},"end":{"line":20,"column":32}},"14":{"start":{"line":21,"column":19},"end":{"line":26,"column":13}},"15":{"start":{"line":22,"column":16},"end":{"line":24,"column":17}},"16":{"start":{"line":23,"column":20},"end":{"line":23,"column":58}},"17":{"start":{"line":25,"column":16},"end":{"line":25,"column":38}},"18":{"start":{"line":29,"column":8},"end":{"line":31,"column":9}},"19":{"start":{"line":30,"column":12},"end":{"line":30,"column":50}},"20":{"start":{"line":33,"column":8},"end":{"line":33,"column":51}},"21":{"start":{"line":37,"column":8},"end":{"line":37,"column":72}},"22":{"start":{"line":41,"column":8},"end":{"line":41,"column":54}},"23":{"start":{"line":45,"column":8},"end":{"line":50,"column":9}},"24":{"start":{"line":46,"column":12},"end":{"line":46,"column":25}},"25":{"start":{"line":48,"column":13},"end":{"line":50,"column":9}},"26":{"start":{"line":49,"column":12},"end":{"line":49,"column":23}},"27":{"start":{"line":51,"column":8},"end":{"line":51,"column":76}},"28":{"start":{"line":55,"column":8},"end":{"line":64,"column":9}},"29":{"start":{"line":56,"column":22},"end":{"line":56,"column":35}},"30":{"start":{"line":57,"column":22},"end":{"line":57,"column":35}},"31":{"start":{"line":58,"column":22},"end":{"line":58,"column":35}},"32":{"start":{"line":60,"column":16},"end":{"line":60,"column":66}},"33":{"start":{"line":60,"column":29},"end":{"line":60,"column":66}},"34":{"start":{"line":61,"column":16},"end":{"line":61,"column":29}},"35":{"start":{"line":62,"column":22},"end":{"line":62,"column":34}},"36":{"start":{"line":63,"column":21},"end":{"line":63,"column":58}},"37":{"start":{"line":68,"column":18},"end":{"line":68,"column":32}},"38":{"start":{"line":69,"column":18},"end":{"line":69,"column":32}},"39":{"start":{"line":70,"column":25},"end":{"line":70,"column":41}},"40":{"start":{"line":71,"column":8},"end":{"line":71,"column":57}}},"fnMap":{"0":{"name":"(anonymous_0)","decl":{"start":{"line":4,"column":4},"end":{"line":4,"column":5}},"loc":{"start":{"line":4,"column":51},"end":{"line":34,"column":5}},"line":4},"1":{"name":"(anonymous_1)","decl":{"start":{"line":36,"column":4},"end":{"line":36,"column":5}},"loc":{"start":{"line":36,"column":45},"end":{"line":38,"column":5}},"line":36},"2":{"name":"(anonymous_2)","decl":{"start":{"line":40,"column":4},"end":{"line":40,"column":5}},"loc":{"start":{"line":40,"column":43},"end":{"line":42,"column":5}},"line":40},"3":{"name":"(anonymous_3)","decl":{"start":{"line":44,"column":4},"end":{"line":44,"column":5}},"loc":{"start":{"line":44,"column":61},"end":{"line":52,"column":5}},"line":44},"4":{"name":"(anonymous_4)","decl":{"start":{"line":54,"column":4},"end":{"line":54,"column":5}},"loc":{"start":{"line":54,"column":74},"end":{"line":65,"column":5}},"line":54},"5":{"name":"(anonymous_5)","decl":{"start":{"line":67,"column":4},"end":{"line":67,"column":5}},"loc":{"start":{"line":67,"column":71},"end":{"line":72,"column":5}},"line":67}},"branchMap":{"0":{"loc":{"start":{"line":6,"column":8},"end":{"line":6,"column":32}},"type":"if","locations":[{"start":{"line":6,"column":8},"end":{"line":6,"column":32}},{"start":{},"end":{}}],"line":6},"1":{"loc":{"start":{"line":12,"column":12},"end":{"line":26,"column":13}},"type":"if","locations":[{"start":{"line":12,"column":12},"end":{"line":26,"column":13}},{"start":{"line":14,"column":19},"end":{"line":26,"column":13}}],"line":12},"2":{"loc":{"start":{"line":14,"column":19},"end":{"line":26,"column":13}},"type":"if","locations":[{"start":{"line":14,"column":19},"end":{"line":26,"column":13}},{"start":{"line":16,"column":19},"end":{"line":26,"column":13}}],"line":14},"3":{"loc":{"start":{"line":16,"column":19},"end":{"line":26,"column":13}},"type":"if","locations":[{"start":{"line":16,"column":19},"end":{"line":26,"column":13}},{"start":{"line":21,"column":19},"end":{"line":26,"column":13}}],"line":16},"4":{"loc":{"start":{"line":17,"column":23},"end":{"line":17,"column":82}},"type":"binary-expr","locations":[{"start":{"line":17,"column":23},"end":{"line":17,"column":39}},{"start":{"line":17,"column":43},"end":{"line":17,"column":82}}],"line":17},"5":{"loc":{"start":{"line":21,"column":19},"end":{"line":26,"column":13}},"type":"if","locations":[{"start":{"line":21,"column":19},"end":{"line":26,"column":13}},{"start":{},"end":{}}],"line":21},"6":{"loc":{"start":{"line":22,"column":23},"end":{"line":22,"column":101}},"type":"binary-expr","locations":[{"start":{"line":22,"column":23},"end":{"line":22,"column":39}},{"start":{"line":22,"column":43},"end":{"line":22,"column":101}}],"line":22},"7":{"loc":{"start":{"line":33,"column":15},"end":{"line":33,"column":50}},"type":"cond-expr","locations":[{"start":{"line":33,"column":32},"end":{"line":33,"column":46}},{"start":{"line":33,"column":49},"end":{"line":33,"column":50}}],"line":33},"8":{"loc":{"start":{"line":37,"column":15},"end":{"line":37,"column":71}},"type":"binary-expr","locations":[{"start":{"line":37,"column":15},"end":{"line":37,"column":40}},{"start":{"line":37,"column":44},"end":{"line":37,"column":71}}],"line":37},"9":{"loc":{"start":{"line":45,"column":8},"end":{"line":50,"column":9}},"type":"if","locations":[{"start":{"line":45,"column":8},"end":{"line":50,"column":9}},{"start":{"line":48,"column":13},"end":{"line":50,"column":9}}],"line":45},"10":{"loc":{"start":{"line":45,"column":12},"end":{"line":45,"column":38}},"type":"binary-expr","locations":[{"start":{"line":45,"column":12},"end":{"line":45,"column":23}},{"start":{"line":45,"column":27},"end":{"line":45,"column":38}}],"line":45},"11":{"loc":{"start":{"line":48,"column":13},"end":{"line":50,"column":9}},"type":"if","locations":[{"start":{"line":48,"column":13},"end":{"line":50,"column":9}},{"start":{},"end":{}}],"line":48},"12":{"loc":{"start":{"line":48,"column":17},"end":{"line":48,"column":43}},"type":"binary-expr","locations":[{"start":{"line":48,"column":17},"end":{"line":48,"column":28}},{"start":{"line":48,"column":32},"end":{"line":48,"column":43}}],"line":48},"13":{"loc":{"start":{"line":51,"column":15},"end":{"line":51,"column":75}},"type":"binary-expr","locations":[{"start":{"line":51,"column":16},"end":{"line":51,"column":27}},{"start":{"line":51,"column":31},"end":{"line":51,"column":42}},{"start":{"line":51,"column":48},"end":{"line":51,"column":59}},{"start":{"line":51,"column":63},"end":{"line":51,"column":74}}],"line":51},"14":{"loc":{"start":{"line":55,"column":8},"end":{"line":64,"column":9}},"type":"switch","locations":[{"start":{"line":56,"column":12},"end":{"line":56,"column":35}},{"start":{"line":57,"column":12},"end":{"line":57,"column":35}},{"start":{"line":58,"column":12},"end":{"line":58,"column":35}},{"start":{"line":59,"column":12},"end":{"line":61,"column":29}},{"start":{"line":62,"column":12},"end":{"line":62,"column":34}},{"start":{"line":63,"column":12},"end":{"line":63,"column":58}}],"line":55},"15":{"loc":{"start":{"line":60,"column":16},"end":{"line":60,"column":66}},"type":"if","locations":[{"start":{"line":60,"column":16},"end":{"line":60,"column":66}},{"start":{},"end":{}}],"line":60}},"s":{"0":16,"1":16,"2":2,"3":14,"4":14,"5":14,"6":65,"7":29,"8":36,"9":7,"10":29,"11":7,"12":4,"13":7,"14":22,"15":22,"16":0,"17":22,"18":14,"19":18,"20":13,"21":65,"22":22,"23":9,"24":4,"25":5,"26":0,"27":5,"28":22,"29":10,"30":3,"31":4,"32":4,"33":1,"34":3,"35":1,"36":0,"37":22,"38":22,"39":22,"40":22},"f":{"0":16,"1":65,"2":22,"3":9,"4":22,"5":22},"b":{"0":[2,14],"1":[29,36],"2":[7,29],"3":[7,22],"4":[11,11],"5":[22,0],"6":[22,9],"7":[12,1],"8":[65,29],"9":[4,5],"10":[9,5],"11":[0,5],"12":[5,5],"13":[5,5,0,0],"14":[10,3,4,4,1,0],"15":[1,3]},"_coverageSchema":"1a1c01bbd47fc00a2c39e90264f33305004495a9","hash":"a178347711f0d4e9a0ab293d8a69113f3987e88f"}
,"/Users/hec/repos/2023/CS4530/Project/team109-project/implementation/spreadsheet-app/src/components/Cells/cell.spec.ts": {"path":"/Users/hec/repos/2023/CS4530/Project/team109-project/implementation/spreadsheet-app/src/components/Cells/cell.spec.ts","statementMap":{"0":{"start":{"line":3,"column":0},"end":{"line":103,"column":3}},"1":{"start":{"line":8,"column":2},"end":{"line":12,"column":5}},"2":{"start":{"line":9,"column":4},"end":{"line":9,"column":34}},"3":{"start":{"line":10,"column":4},"end":{"line":10,"column":55}},"4":{"start":{"line":11,"column":4},"end":{"line":11,"column":71}},"5":{"start":{"line":14,"column":2},"end":{"line":16,"column":5}},"6":{"start":{"line":15,"column":4},"end":{"line":15,"column":49}},"7":{"start":{"line":18,"column":2},"end":{"line":23,"column":5}},"8":{"start":{"line":19,"column":22},"end":{"line":19,"column":61}},"9":{"start":{"line":20,"column":4},"end":{"line":20,"column":35}},"10":{"start":{"line":21,"column":4},"end":{"line":21,"column":30}},"11":{"start":{"line":22,"column":4},"end":{"line":22,"column":41}},"12":{"start":{"line":25,"column":2},"end":{"line":31,"column":5}},"13":{"start":{"line":26,"column":4},"end":{"line":26,"column":35}},"14":{"start":{"line":27,"column":4},"end":{"line":27,"column":38}},"15":{"start":{"line":28,"column":22},"end":{"line":28,"column":61}},"16":{"start":{"line":29,"column":4},"end":{"line":29,"column":30}},"17":{"start":{"line":30,"column":4},"end":{"line":30,"column":45}},"18":{"start":{"line":33,"column":2},"end":{"line":38,"column":5}},"19":{"start":{"line":34,"column":4},"end":{"line":34,"column":55}},"20":{"start":{"line":35,"column":4},"end":{"line":35,"column":34}},"21":{"start":{"line":36,"column":4},"end":{"line":36,"column":50}},"22":{"start":{"line":37,"column":4},"end":{"line":37,"column":73}},"23":{"start":{"line":40,"column":2},"end":{"line":46,"column":5}},"24":{"start":{"line":41,"column":27},"end":{"line":41,"column":73}},"25":{"start":{"line":42,"column":22},"end":{"line":42,"column":63}},"26":{"start":{"line":43,"column":4},"end":{"line":43,"column":39}},"27":{"start":{"line":44,"column":4},"end":{"line":44,"column":30}},"28":{"start":{"line":45,"column":4},"end":{"line":45,"column":41}},"29":{"start":{"line":48,"column":2},"end":{"line":55,"column":5}},"30":{"start":{"line":49,"column":27},"end":{"line":49,"column":73}},"31":{"start":{"line":50,"column":4},"end":{"line":50,"column":39}},"32":{"start":{"line":51,"column":4},"end":{"line":51,"column":42}},"33":{"start":{"line":52,"column":22},"end":{"line":52,"column":63}},"34":{"start":{"line":53,"column":4},"end":{"line":53,"column":30}},"35":{"start":{"line":54,"column":4},"end":{"line":54,"column":45}},"36":{"start":{"line":57,"column":2},"end":{"line":63,"column":5}},"37":{"start":{"line":58,"column":4},"end":{"line":58,"column":55}},"38":{"start":{"line":59,"column":4},"end":{"line":59,"column":34}},"39":{"start":{"line":60,"column":4},"end":{"line":60,"column":58}},"40":{"start":{"line":61,"column":4},"end":{"line":61,"column":23}},"41":{"start":{"line":62,"column":4},"end":{"line":62,"column":53}},"42":{"start":{"line":65,"column":2},"end":{"line":68,"column":5}},"43":{"start":{"line":66,"column":4},"end":{"line":66,"column":33}},"44":{"start":{"line":67,"column":4},"end":{"line":67,"column":48}},"45":{"start":{"line":70,"column":2},"end":{"line":73,"column":5}},"46":{"start":{"line":71,"column":4},"end":{"line":71,"column":33}},"47":{"start":{"line":72,"column":4},"end":{"line":72,"column":48}},"48":{"start":{"line":75,"column":2},"end":{"line":79,"column":5}},"49":{"start":{"line":76,"column":4},"end":{"line":76,"column":47}},"50":{"start":{"line":77,"column":4},"end":{"line":77,"column":37}},"51":{"start":{"line":78,"column":4},"end":{"line":78,"column":42}},"52":{"start":{"line":81,"column":2},"end":{"line":89,"column":5}},"53":{"start":{"line":82,"column":26},"end":{"line":82,"column":65}},"54":{"start":{"line":83,"column":24},"end":{"line":83,"column":63}},"55":{"start":{"line":84,"column":4},"end":{"line":84,"column":37}},"56":{"start":{"line":85,"column":4},"end":{"line":85,"column":35}},"57":{"start":{"line":86,"column":4},"end":{"line":86,"column":37}},"58":{"start":{"line":87,"column":4},"end":{"line":87,"column":45}},"59":{"start":{"line":88,"column":4},"end":{"line":88,"column":43}},"60":{"start":{"line":91,"column":2},"end":{"line":96,"column":5}},"61":{"start":{"line":92,"column":4},"end":{"line":92,"column":37}},"62":{"start":{"line":93,"column":25},"end":{"line":93,"column":40}},"63":{"start":{"line":94,"column":4},"end":{"line":94,"column":23}},"64":{"start":{"line":95,"column":4},"end":{"line":95,"column":47}}},"fnMap":{"0":{"name":"(anonymous_0)","decl":{"start":{"line":3,"column":17},"end":{"line":3,"column":18}},"loc":{"start":{"line":3,"column":23},"end":{"line":103,"column":1}},"line":3},"1":{"name":"(anonymous_1)","decl":{"start":{"line":8,"column":13},"end":{"line":8,"column":14}},"loc":{"start":{"line":8,"column":19},"end":{"line":12,"column":3}},"line":8},"2":{"name":"(anonymous_2)","decl":{"start":{"line":14,"column":49},"end":{"line":14,"column":50}},"loc":{"start":{"line":14,"column":55},"end":{"line":16,"column":3}},"line":14},"3":{"name":"(anonymous_3)","decl":{"start":{"line":18,"column":42},"end":{"line":18,"column":43}},"loc":{"start":{"line":18,"column":48},"end":{"line":23,"column":3}},"line":18},"4":{"name":"(anonymous_4)","decl":{"start":{"line":25,"column":34},"end":{"line":25,"column":35}},"loc":{"start":{"line":25,"column":40},"end":{"line":31,"column":3}},"line":25},"5":{"name":"(anonymous_5)","decl":{"start":{"line":33,"column":48},"end":{"line":33,"column":49}},"loc":{"start":{"line":33,"column":54},"end":{"line":38,"column":3}},"line":33},"6":{"name":"(anonymous_6)","decl":{"start":{"line":40,"column":46},"end":{"line":40,"column":47}},"loc":{"start":{"line":40,"column":52},"end":{"line":46,"column":3}},"line":40},"7":{"name":"(anonymous_7)","decl":{"start":{"line":48,"column":35},"end":{"line":48,"column":36}},"loc":{"start":{"line":48,"column":41},"end":{"line":55,"column":3}},"line":48},"8":{"name":"(anonymous_8)","decl":{"start":{"line":57,"column":49},"end":{"line":57,"column":50}},"loc":{"start":{"line":57,"column":55},"end":{"line":63,"column":3}},"line":57},"9":{"name":"(anonymous_9)","decl":{"start":{"line":65,"column":43},"end":{"line":65,"column":44}},"loc":{"start":{"line":65,"column":49},"end":{"line":68,"column":3}},"line":65},"10":{"name":"(anonymous_10)","decl":{"start":{"line":70,"column":43},"end":{"line":70,"column":44}},"loc":{"start":{"line":70,"column":49},"end":{"line":73,"column":3}},"line":70},"11":{"name":"(anonymous_11)","decl":{"start":{"line":75,"column":39},"end":{"line":75,"column":40}},"loc":{"start":{"line":75,"column":45},"end":{"line":79,"column":3}},"line":75},"12":{"name":"(anonymous_12)","decl":{"start":{"line":81,"column":66},"end":{"line":81,"column":67}},"loc":{"start":{"line":81,"column":72},"end":{"line":89,"column":3}},"line":81},"13":{"name":"(anonymous_13)","decl":{"start":{"line":91,"column":66},"end":{"line":91,"column":67}},"loc":{"start":{"line":91,"column":72},"end":{"line":96,"column":3}},"line":91}},"branchMap":{},"s":{"0":1,"1":1,"2":12,"3":12,"4":12,"5":1,"6":1,"7":1,"8":1,"9":1,"10":1,"11":1,"12":1,"13":1,"14":1,"15":1,"16":1,"17":1,"18":1,"19":1,"20":1,"21":1,"22":1,"23":1,"24":1,"25":1,"26":1,"27":1,"28":1,"29":1,"30":1,"31":1,"32":1,"33":1,"34":1,"35":1,"36":1,"37":1,"38":1,"39":1,"40":1,"41":1,"42":1,"43":1,"44":1,"45":1,"46":1,"47":1,"48":1,"49":1,"50":1,"51":1,"52":1,"53":1,"54":1,"55":1,"56":1,"57":1,"58":1,"59":1,"60":1,"61":1,"62":1,"63":1,"64":1},"f":{"0":1,"1":12,"2":1,"3":1,"4":1,"5":1,"6":1,"7":1,"8":1,"9":1,"10":1,"11":1,"12":1,"13":1},"b":{},"_coverageSchema":"1a1c01bbd47fc00a2c39e90264f33305004495a9","hash":"51fe0c7cc59d63dd254a58366467ad78f6b51bd6"}
,"/Users/hec/repos/2023/CS4530/Project/team109-project/implementation/spreadsheet-app/src/components/Cells/cell.ts": {"path":"/Users/hec/repos/2023/CS4530/Project/team109-project/implementation/spreadsheet-app/src/components/Cells/cell.ts","statementMap":{"0":{"start":{"line":4,"column":32},"end":{"line":4,"column":34}},"1":{"start":{"line":6,"column":41},"end":{"line":6,"column":50}},"2":{"start":{"line":7,"column":35},"end":{"line":7,"column":37}},"3":{"start":{"line":15,"column":8},"end":{"line":15,"column":33}},"4":{"start":{"line":16,"column":8},"end":{"line":16,"column":33}},"5":{"start":{"line":17,"column":8},"end":{"line":17,"column":59}},"6":{"start":{"line":18,"column":8},"end":{"line":18,"column":36}},"7":{"start":{"line":22,"column":8},"end":{"line":22,"column":37}},"8":{"start":{"line":26,"column":8},"end":{"line":26,"column":74}},"9":{"start":{"line":26,"column":60},"end":{"line":26,"column":72}},"10":{"start":{"line":30,"column":8},"end":{"line":30,"column":60}},"11":{"start":{"line":30,"column":41},"end":{"line":30,"column":58}},"12":{"start":{"line":34,"column":8},"end":{"line":34,"column":39}},"13":{"start":{"line":38,"column":8},"end":{"line":38,"column":42}},"14":{"start":{"line":39,"column":8},"end":{"line":43,"column":10}},"15":{"start":{"line":47,"column":8},"end":{"line":47,"column":86}},"16":{"start":{"line":47,"column":59},"end":{"line":47,"column":84}},"17":{"start":{"line":51,"column":8},"end":{"line":51,"column":75}},"18":{"start":{"line":51,"column":47},"end":{"line":51,"column":73}},"19":{"start":{"line":55,"column":8},"end":{"line":67,"column":9}},"20":{"start":{"line":57,"column":12},"end":{"line":57,"column":33}},"21":{"start":{"line":58,"column":12},"end":{"line":58,"column":60}},"22":{"start":{"line":59,"column":12},"end":{"line":59,"column":35}},"23":{"start":{"line":60,"column":12},"end":{"line":60,"column":38}},"24":{"start":{"line":63,"column":12},"end":{"line":63,"column":38}},"25":{"start":{"line":64,"column":12},"end":{"line":64,"column":32}},"26":{"start":{"line":65,"column":12},"end":{"line":65,"column":35}},"27":{"start":{"line":66,"column":12},"end":{"line":66,"column":38}},"28":{"start":{"line":71,"column":8},"end":{"line":71,"column":33}},"29":{"start":{"line":76,"column":23},"end":{"line":76,"column":64}},"30":{"start":{"line":77,"column":8},"end":{"line":77,"column":33}},"31":{"start":{"line":81,"column":8},"end":{"line":85,"column":9}},"32":{"start":{"line":82,"column":12},"end":{"line":82,"column":67}},"33":{"start":{"line":83,"column":12},"end":{"line":83,"column":38}},"34":{"start":{"line":89,"column":8},"end":{"line":89,"column":29}},"35":{"start":{"line":92,"column":8},"end":{"line":92,"column":30}},"36":{"start":{"line":95,"column":8},"end":{"line":95,"column":29}},"37":{"start":{"line":98,"column":8},"end":{"line":98,"column":30}}},"fnMap":{"0":{"name":"(anonymous_0)","decl":{"start":{"line":6,"column":41},"end":{"line":6,"column":42}},"loc":{"start":{"line":6,"column":47},"end":{"line":6,"column":50}},"line":6},"1":{"name":"(anonymous_1)","decl":{"start":{"line":11,"column":4},"end":{"line":11,"column":5}},"loc":{"start":{"line":14,"column":6},"end":{"line":19,"column":5}},"line":14},"2":{"name":"(anonymous_2)","decl":{"start":{"line":21,"column":4},"end":{"line":21,"column":5}},"loc":{"start":{"line":21,"column":36},"end":{"line":23,"column":5}},"line":21},"3":{"name":"(anonymous_3)","decl":{"start":{"line":25,"column":4},"end":{"line":25,"column":5}},"loc":{"start":{"line":25,"column":39},"end":{"line":27,"column":5}},"line":25},"4":{"name":"(anonymous_4)","decl":{"start":{"line":26,"column":53},"end":{"line":26,"column":54}},"loc":{"start":{"line":26,"column":60},"end":{"line":26,"column":72}},"line":26},"5":{"name":"(anonymous_5)","decl":{"start":{"line":29,"column":4},"end":{"line":29,"column":5}},"loc":{"start":{"line":29,"column":31},"end":{"line":31,"column":5}},"line":29},"6":{"name":"(anonymous_6)","decl":{"start":{"line":30,"column":34},"end":{"line":30,"column":35}},"loc":{"start":{"line":30,"column":41},"end":{"line":30,"column":58}},"line":30},"7":{"name":"(anonymous_7)","decl":{"start":{"line":33,"column":4},"end":{"line":33,"column":5}},"loc":{"start":{"line":33,"column":50},"end":{"line":35,"column":5}},"line":33},"8":{"name":"(anonymous_8)","decl":{"start":{"line":37,"column":4},"end":{"line":37,"column":5}},"loc":{"start":{"line":37,"column":42},"end":{"line":44,"column":5}},"line":37},"9":{"name":"(anonymous_9)","decl":{"start":{"line":46,"column":4},"end":{"line":46,"column":5}},"loc":{"start":{"line":46,"column":45},"end":{"line":48,"column":5}},"line":46},"10":{"name":"(anonymous_10)","decl":{"start":{"line":47,"column":47},"end":{"line":47,"column":48}},"loc":{"start":{"line":47,"column":59},"end":{"line":47,"column":84}},"line":47},"11":{"name":"(anonymous_11)","decl":{"start":{"line":50,"column":4},"end":{"line":50,"column":5}},"loc":{"start":{"line":50,"column":28},"end":{"line":52,"column":5}},"line":50},"12":{"name":"(anonymous_12)","decl":{"start":{"line":51,"column":31},"end":{"line":51,"column":32}},"loc":{"start":{"line":51,"column":47},"end":{"line":51,"column":73}},"line":51},"13":{"name":"(anonymous_13)","decl":{"start":{"line":54,"column":4},"end":{"line":54,"column":5}},"loc":{"start":{"line":54,"column":34},"end":{"line":68,"column":5}},"line":54},"14":{"name":"(anonymous_14)","decl":{"start":{"line":70,"column":4},"end":{"line":70,"column":5}},"loc":{"start":{"line":70,"column":23},"end":{"line":72,"column":5}},"line":70},"15":{"name":"(anonymous_15)","decl":{"start":{"line":74,"column":4},"end":{"line":74,"column":5}},"loc":{"start":{"line":74,"column":53},"end":{"line":78,"column":5}},"line":74},"16":{"name":"(anonymous_16)","decl":{"start":{"line":80,"column":4},"end":{"line":80,"column":5}},"loc":{"start":{"line":80,"column":24},"end":{"line":86,"column":5}},"line":80},"17":{"name":"(anonymous_17)","decl":{"start":{"line":88,"column":4},"end":{"line":88,"column":5}},"loc":{"start":{"line":88,"column":30},"end":{"line":90,"column":5}},"line":88},"18":{"name":"(anonymous_18)","decl":{"start":{"line":91,"column":4},"end":{"line":91,"column":5}},"loc":{"start":{"line":91,"column":19},"end":{"line":93,"column":5}},"line":91},"19":{"name":"(anonymous_19)","decl":{"start":{"line":94,"column":4},"end":{"line":94,"column":5}},"loc":{"start":{"line":94,"column":30},"end":{"line":96,"column":5}},"line":94},"20":{"name":"(anonymous_20)","decl":{"start":{"line":97,"column":4},"end":{"line":97,"column":5}},"loc":{"start":{"line":97,"column":19},"end":{"line":99,"column":5}},"line":97}},"branchMap":{"0":{"loc":{"start":{"line":55,"column":8},"end":{"line":67,"column":9}},"type":"if","locations":[{"start":{"line":55,"column":8},"end":{"line":67,"column":9}},{"start":{"line":61,"column":15},"end":{"line":67,"column":9}}],"line":55},"1":{"loc":{"start":{"line":81,"column":8},"end":{"line":85,"column":9}},"type":"if","locations":[{"start":{"line":81,"column":8},"end":{"line":85,"column":9}},{"start":{},"end":{}}],"line":81}},"s":{"0":139,"1":139,"2":139,"3":139,"4":139,"5":139,"6":139,"7":8,"8":1,"9":1,"10":151,"11":2,"12":0,"13":8,"14":8,"15":1,"16":1,"17":152,"18":2,"19":150,"20":3,"21":3,"22":3,"23":3,"24":147,"25":147,"26":147,"27":147,"28":39,"29":4,"30":4,"31":6,"32":1,"33":1,"34":1,"35":1,"36":1,"37":1},"f":{"0":0,"1":139,"2":8,"3":1,"4":1,"5":151,"6":2,"7":0,"8":8,"9":1,"10":1,"11":152,"12":2,"13":150,"14":39,"15":4,"16":6,"17":1,"18":1,"19":1,"20":1},"b":{"0":[3,147],"1":[1,5]},"_coverageSchema":"1a1c01bbd47fc00a2c39e90264f33305004495a9","hash":"91ce2fcca62fad7f7aa0de6e27eed9573dd20474"}
,"/Users/hec/repos/2023/CS4530/Project/team109-project/implementation/spreadsheet-app/src/components/Parsing/formulaParser.spec.ts": {"path":"/Users/hec/repos/2023/CS4530/Project/team109-project/implementation/spreadsheet-app/src/components/Parsing/formulaParser.spec.ts","statementMap":{"0":{"start":{"line":5,"column":0},"end":{"line":5,"column":40}},"1":{"start":{"line":7,"column":0},"end":{"line":50,"column":5}},"2":{"start":{"line":13,"column":4},"end":{"line":24,"column":7}},"3":{"start":{"line":14,"column":6},"end":{"line":14,"column":42}},"4":{"start":{"line":15,"column":6},"end":{"line":15,"column":53}},"5":{"start":{"line":17,"column":6},"end":{"line":17,"column":70}},"6":{"start":{"line":17,"column":61},"end":{"line":17,"column":68}},"7":{"start":{"line":18,"column":6},"end":{"line":18,"column":69}},"8":{"start":{"line":21,"column":6},"end":{"line":23,"column":9}},"9":{"start":{"line":22,"column":8},"end":{"line":22,"column":76}},"10":{"start":{"line":26,"column":4},"end":{"line":29,"column":7}},"11":{"start":{"line":27,"column":6},"end":{"line":27,"column":67}},"12":{"start":{"line":28,"column":6},"end":{"line":28,"column":80}},"13":{"start":{"line":31,"column":4},"end":{"line":34,"column":9}},"14":{"start":{"line":32,"column":8},"end":{"line":32,"column":66}},"15":{"start":{"line":33,"column":8},"end":{"line":33,"column":69}},"16":{"start":{"line":37,"column":6},"end":{"line":39,"column":9}},"17":{"start":{"line":38,"column":8},"end":{"line":38,"column":84}},"18":{"start":{"line":41,"column":6},"end":{"line":44,"column":9}},"19":{"start":{"line":42,"column":21},"end":{"line":42,"column":71}},"20":{"start":{"line":43,"column":8},"end":{"line":43,"column":55}},"21":{"start":{"line":46,"column":6},"end":{"line":48,"column":9}},"22":{"start":{"line":47,"column":8},"end":{"line":47,"column":88}}},"fnMap":{"0":{"name":"(anonymous_0)","decl":{"start":{"line":7,"column":26},"end":{"line":7,"column":27}},"loc":{"start":{"line":7,"column":32},"end":{"line":50,"column":3}},"line":7},"1":{"name":"(anonymous_1)","decl":{"start":{"line":13,"column":15},"end":{"line":13,"column":16}},"loc":{"start":{"line":13,"column":21},"end":{"line":24,"column":5}},"line":13},"2":{"name":"(anonymous_2)","decl":{"start":{"line":17,"column":42},"end":{"line":17,"column":43}},"loc":{"start":{"line":17,"column":61},"end":{"line":17,"column":68}},"line":17},"3":{"name":"(anonymous_3)","decl":{"start":{"line":21,"column":60},"end":{"line":21,"column":61}},"loc":{"start":{"line":21,"column":74},"end":{"line":23,"column":7}},"line":21},"4":{"name":"(anonymous_4)","decl":{"start":{"line":26,"column":41},"end":{"line":26,"column":42}},"loc":{"start":{"line":26,"column":47},"end":{"line":29,"column":5}},"line":26},"5":{"name":"(anonymous_5)","decl":{"start":{"line":31,"column":40},"end":{"line":31,"column":41}},"loc":{"start":{"line":31,"column":46},"end":{"line":34,"column":7}},"line":31},"6":{"name":"(anonymous_6)","decl":{"start":{"line":37,"column":51},"end":{"line":37,"column":52}},"loc":{"start":{"line":37,"column":57},"end":{"line":39,"column":7}},"line":37},"7":{"name":"(anonymous_7)","decl":{"start":{"line":41,"column":47},"end":{"line":41,"column":48}},"loc":{"start":{"line":41,"column":53},"end":{"line":44,"column":7}},"line":41},"8":{"name":"(anonymous_8)","decl":{"start":{"line":46,"column":54},"end":{"line":46,"column":55}},"loc":{"start":{"line":46,"column":60},"end":{"line":48,"column":7}},"line":46}},"branchMap":{},"s":{"0":1,"1":1,"2":1,"3":5,"4":5,"5":5,"6":0,"7":5,"8":5,"9":5,"10":1,"11":1,"12":1,"13":1,"14":1,"15":1,"16":1,"17":1,"18":1,"19":1,"20":1,"21":1,"22":1},"f":{"0":1,"1":5,"2":0,"3":5,"4":1,"5":1,"6":1,"7":1,"8":1},"b":{},"_coverageSchema":"1a1c01bbd47fc00a2c39e90264f33305004495a9","hash":"4a0059caf6bab1a6925a9687e0e4588ef051902b"}
,"/Users/hec/repos/2023/CS4530/Project/team109-project/implementation/spreadsheet-app/src/components/RangeExpressions/average-expression.spec.ts": {"path":"/Users/hec/repos/2023/CS4530/Project/team109-project/implementation/spreadsheet-app/src/components/RangeExpressions/average-expression.spec.ts","statementMap":{"0":{"start":{"line":4,"column":0},"end":{"line":4,"column":40}},"1":{"start":{"line":6,"column":0},"end":{"line":68,"column":3}},"2":{"start":{"line":10,"column":2},"end":{"line":17,"column":5}},"3":{"start":{"line":11,"column":4},"end":{"line":11,"column":40}},"4":{"start":{"line":12,"column":4},"end":{"line":12,"column":55}},"5":{"start":{"line":14,"column":4},"end":{"line":16,"column":7}},"6":{"start":{"line":15,"column":6},"end":{"line":15,"column":28}},"7":{"start":{"line":19,"column":2},"end":{"line":22,"column":5}},"8":{"start":{"line":20,"column":19},"end":{"line":20,"column":59}},"9":{"start":{"line":21,"column":4},"end":{"line":21,"column":41}},"10":{"start":{"line":24,"column":2},"end":{"line":28,"column":5}},"11":{"start":{"line":25,"column":19},"end":{"line":25,"column":31}},"12":{"start":{"line":26,"column":20},"end":{"line":26,"column":49}},"13":{"start":{"line":27,"column":4},"end":{"line":27,"column":30}},"14":{"start":{"line":30,"column":2},"end":{"line":33,"column":5}},"15":{"start":{"line":31,"column":20},"end":{"line":31,"column":45}},"16":{"start":{"line":32,"column":4},"end":{"line":32,"column":28}},"17":{"start":{"line":35,"column":2},"end":{"line":40,"column":5}},"18":{"start":{"line":36,"column":4},"end":{"line":36,"column":65}},"19":{"start":{"line":37,"column":19},"end":{"line":37,"column":59}},"20":{"start":{"line":38,"column":20},"end":{"line":38,"column":49}},"21":{"start":{"line":39,"column":4},"end":{"line":39,"column":28}},"22":{"start":{"line":42,"column":2},"end":{"line":47,"column":5}},"23":{"start":{"line":43,"column":4},"end":{"line":43,"column":64}},"24":{"start":{"line":44,"column":19},"end":{"line":44,"column":59}},"25":{"start":{"line":45,"column":20},"end":{"line":45,"column":49}},"26":{"start":{"line":46,"column":4},"end":{"line":46,"column":28}},"27":{"start":{"line":49,"column":2},"end":{"line":56,"column":5}},"28":{"start":{"line":50,"column":4},"end":{"line":52,"column":7}},"29":{"start":{"line":51,"column":6},"end":{"line":51,"column":64}},"30":{"start":{"line":53,"column":19},"end":{"line":53,"column":59}},"31":{"start":{"line":54,"column":20},"end":{"line":54,"column":49}},"32":{"start":{"line":55,"column":4},"end":{"line":55,"column":42}},"33":{"start":{"line":58,"column":2},"end":{"line":62,"column":5}},"34":{"start":{"line":59,"column":19},"end":{"line":59,"column":59}},"35":{"start":{"line":60,"column":20},"end":{"line":60,"column":49}},"36":{"start":{"line":61,"column":4},"end":{"line":61,"column":28}}},"fnMap":{"0":{"name":"(anonymous_0)","decl":{"start":{"line":6,"column":30},"end":{"line":6,"column":31}},"loc":{"start":{"line":6,"column":36},"end":{"line":68,"column":1}},"line":6},"1":{"name":"(anonymous_1)","decl":{"start":{"line":10,"column":13},"end":{"line":10,"column":14}},"loc":{"start":{"line":10,"column":19},"end":{"line":17,"column":3}},"line":10},"2":{"name":"(anonymous_2)","decl":{"start":{"line":14,"column":63},"end":{"line":14,"column":64}},"loc":{"start":{"line":14,"column":77},"end":{"line":16,"column":5}},"line":14},"3":{"name":"(anonymous_3)","decl":{"start":{"line":19,"column":41},"end":{"line":19,"column":42}},"loc":{"start":{"line":19,"column":47},"end":{"line":22,"column":3}},"line":19},"4":{"name":"(anonymous_4)","decl":{"start":{"line":24,"column":37},"end":{"line":24,"column":38}},"loc":{"start":{"line":24,"column":43},"end":{"line":28,"column":3}},"line":24},"5":{"name":"(anonymous_5)","decl":{"start":{"line":30,"column":34},"end":{"line":30,"column":35}},"loc":{"start":{"line":30,"column":40},"end":{"line":33,"column":3}},"line":30},"6":{"name":"(anonymous_6)","decl":{"start":{"line":35,"column":52},"end":{"line":35,"column":53}},"loc":{"start":{"line":35,"column":58},"end":{"line":40,"column":3}},"line":35},"7":{"name":"(anonymous_7)","decl":{"start":{"line":42,"column":38},"end":{"line":42,"column":39}},"loc":{"start":{"line":42,"column":44},"end":{"line":47,"column":3}},"line":42},"8":{"name":"(anonymous_8)","decl":{"start":{"line":49,"column":44},"end":{"line":49,"column":45}},"loc":{"start":{"line":49,"column":50},"end":{"line":56,"column":3}},"line":49},"9":{"name":"(anonymous_9)","decl":{"start":{"line":50,"column":63},"end":{"line":50,"column":64}},"loc":{"start":{"line":50,"column":77},"end":{"line":52,"column":5}},"line":50},"10":{"name":"(anonymous_10)","decl":{"start":{"line":58,"column":58},"end":{"line":58,"column":59}},"loc":{"start":{"line":58,"column":64},"end":{"line":62,"column":3}},"line":58}},"branchMap":{"0":{"loc":{"start":{"line":51,"column":13},"end":{"line":51,"column":63}},"type":"cond-expr","locations":[{"start":{"line":51,"column":40},"end":{"line":51,"column":46}},{"start":{"line":51,"column":49},"end":{"line":51,"column":63}}],"line":51},"1":{"loc":{"start":{"line":51,"column":14},"end":{"line":51,"column":36}},"type":"binary-expr","locations":[{"start":{"line":51,"column":14},"end":{"line":51,"column":23}},{"start":{"line":51,"column":27},"end":{"line":51,"column":36}}],"line":51}},"s":{"0":1,"1":1,"2":1,"3":7,"4":7,"5":7,"6":13,"7":1,"8":1,"9":1,"10":1,"11":1,"12":1,"13":1,"14":1,"15":1,"16":1,"17":1,"18":1,"19":1,"20":1,"21":1,"22":1,"23":1,"24":1,"25":1,"26":1,"27":1,"28":1,"29":4,"30":1,"31":1,"32":1,"33":1,"34":1,"35":1,"36":1},"f":{"0":1,"1":7,"2":13,"3":1,"4":1,"5":1,"6":1,"7":1,"8":1,"9":4,"10":1},"b":{"0":[1,3],"1":[4,2]},"_coverageSchema":"1a1c01bbd47fc00a2c39e90264f33305004495a9","hash":"c3cffb2586f3cc4151d597e4ec6663181b554e45"}
,"/Users/hec/repos/2023/CS4530/Project/team109-project/implementation/spreadsheet-app/src/components/RangeExpressions/average-expression.ts": {"path":"/Users/hec/repos/2023/CS4530/Project/team109-project/implementation/spreadsheet-app/src/components/RangeExpressions/average-expression.ts","statementMap":{"0":{"start":{"line":8,"column":4},"end":{"line":8,"column":27}},"1":{"start":{"line":18,"column":4},"end":{"line":20,"column":6}},"2":{"start":{"line":22,"column":27},"end":{"line":22,"column":29}},"3":{"start":{"line":23,"column":4},"end":{"line":36,"column":5}},"4":{"start":{"line":23,"column":17},"end":{"line":23,"column":25}},"5":{"start":{"line":24,"column":6},"end":{"line":35,"column":7}},"6":{"start":{"line":24,"column":19},"end":{"line":24,"column":27}},"7":{"start":{"line":26,"column":24},"end":{"line":26,"column":58}},"8":{"start":{"line":27,"column":27},"end":{"line":27,"column":44}},"9":{"start":{"line":29,"column":8},"end":{"line":34,"column":9}},"10":{"start":{"line":30,"column":10},"end":{"line":30,"column":36}},"11":{"start":{"line":33,"column":10},"end":{"line":33,"column":77}},"12":{"start":{"line":38,"column":4},"end":{"line":38,"column":18}},"13":{"start":{"line":42,"column":4},"end":{"line":44,"column":5}},"14":{"start":{"line":43,"column":6},"end":{"line":43,"column":15}},"15":{"start":{"line":46,"column":22},"end":{"line":46,"column":63}},"16":{"start":{"line":46,"column":50},"end":{"line":46,"column":59}},"17":{"start":{"line":47,"column":4},"end":{"line":47,"column":31}}},"fnMap":{"0":{"name":"(anonymous_0)","decl":{"start":{"line":7,"column":2},"end":{"line":7,"column":3}},"loc":{"start":{"line":7,"column":45},"end":{"line":10,"column":3}},"line":7},"1":{"name":"(anonymous_1)","decl":{"start":{"line":12,"column":2},"end":{"line":12,"column":3}},"loc":{"start":{"line":17,"column":14},"end":{"line":39,"column":3}},"line":17},"2":{"name":"(anonymous_2)","decl":{"start":{"line":41,"column":2},"end":{"line":41,"column":3}},"loc":{"start":{"line":41,"column":48},"end":{"line":48,"column":3}},"line":41},"3":{"name":"(anonymous_3)","decl":{"start":{"line":46,"column":36},"end":{"line":46,"column":37}},"loc":{"start":{"line":46,"column":50},"end":{"line":46,"column":59}},"line":46}},"branchMap":{"0":{"loc":{"start":{"line":29,"column":8},"end":{"line":34,"column":9}},"type":"if","locations":[{"start":{"line":29,"column":8},"end":{"line":34,"column":9}},{"start":{"line":32,"column":15},"end":{"line":34,"column":9}}],"line":29},"1":{"loc":{"start":{"line":42,"column":4},"end":{"line":44,"column":5}},"type":"if","locations":[{"start":{"line":42,"column":4},"end":{"line":44,"column":5}},{"start":{},"end":{}}],"line":42}},"s":{"0":7,"1":5,"2":5,"3":5,"4":5,"5":11,"6":11,"7":25,"8":25,"9":25,"10":24,"11":1,"12":5,"13":6,"14":1,"15":5,"16":24,"17":5},"f":{"0":7,"1":5,"2":6,"3":24},"b":{"0":[24,1],"1":[1,5]},"_coverageSchema":"1a1c01bbd47fc00a2c39e90264f33305004495a9","hash":"3fa0e6960c6e0efabda4a379a04a3c2d5658ce59"}
,"/Users/hec/repos/2023/CS4530/Project/team109-project/implementation/spreadsheet-app/src/components/RangeExpressions/sum-expression.spec.ts": {"path":"/Users/hec/repos/2023/CS4530/Project/team109-project/implementation/spreadsheet-app/src/components/RangeExpressions/sum-expression.spec.ts","statementMap":{"0":{"start":{"line":4,"column":0},"end":{"line":4,"column":40}},"1":{"start":{"line":6,"column":0},"end":{"line":53,"column":3}},"2":{"start":{"line":10,"column":2},"end":{"line":17,"column":5}},"3":{"start":{"line":11,"column":4},"end":{"line":11,"column":45}},"4":{"start":{"line":12,"column":4},"end":{"line":12,"column":51}},"5":{"start":{"line":14,"column":4},"end":{"line":16,"column":7}},"6":{"start":{"line":15,"column":6},"end":{"line":15,"column":28}},"7":{"start":{"line":19,"column":2},"end":{"line":22,"column":5}},"8":{"start":{"line":20,"column":19},"end":{"line":20,"column":59}},"9":{"start":{"line":21,"column":4},"end":{"line":21,"column":41}},"10":{"start":{"line":24,"column":2},"end":{"line":28,"column":5}},"11":{"start":{"line":25,"column":19},"end":{"line":25,"column":31}},"12":{"start":{"line":26,"column":16},"end":{"line":26,"column":45}},"13":{"start":{"line":27,"column":4},"end":{"line":27,"column":25}},"14":{"start":{"line":30,"column":2},"end":{"line":36,"column":5}},"15":{"start":{"line":31,"column":4},"end":{"line":33,"column":7}},"16":{"start":{"line":32,"column":6},"end":{"line":32,"column":62}},"17":{"start":{"line":34,"column":19},"end":{"line":34,"column":59}},"18":{"start":{"line":35,"column":4},"end":{"line":35,"column":38}},"19":{"start":{"line":38,"column":2},"end":{"line":46,"column":5}},"20":{"start":{"line":39,"column":4},"end":{"line":42,"column":7}},"21":{"start":{"line":40,"column":23},"end":{"line":40,"column":39}},"22":{"start":{"line":41,"column":6},"end":{"line":41,"column":43}},"23":{"start":{"line":43,"column":19},"end":{"line":43,"column":59}},"24":{"start":{"line":44,"column":16},"end":{"line":44,"column":45}},"25":{"start":{"line":45,"column":4},"end":{"line":45,"column":25}},"26":{"start":{"line":48,"column":2},"end":{"line":51,"column":5}},"27":{"start":{"line":49,"column":19},"end":{"line":49,"column":59}},"28":{"start":{"line":50,"column":4},"end":{"line":50,"column":45}}},"fnMap":{"0":{"name":"(anonymous_0)","decl":{"start":{"line":6,"column":26},"end":{"line":6,"column":27}},"loc":{"start":{"line":6,"column":32},"end":{"line":53,"column":1}},"line":6},"1":{"name":"(anonymous_1)","decl":{"start":{"line":10,"column":13},"end":{"line":10,"column":14}},"loc":{"start":{"line":10,"column":19},"end":{"line":17,"column":3}},"line":10},"2":{"name":"(anonymous_2)","decl":{"start":{"line":14,"column":63},"end":{"line":14,"column":64}},"loc":{"start":{"line":14,"column":77},"end":{"line":16,"column":5}},"line":14},"3":{"name":"(anonymous_3)","decl":{"start":{"line":19,"column":41},"end":{"line":19,"column":42}},"loc":{"start":{"line":19,"column":47},"end":{"line":22,"column":3}},"line":19},"4":{"name":"(anonymous_4)","decl":{"start":{"line":24,"column":33},"end":{"line":24,"column":34}},"loc":{"start":{"line":24,"column":39},"end":{"line":28,"column":3}},"line":24},"5":{"name":"(anonymous_5)","decl":{"start":{"line":30,"column":35},"end":{"line":30,"column":36}},"loc":{"start":{"line":30,"column":41},"end":{"line":36,"column":3}},"line":30},"6":{"name":"(anonymous_6)","decl":{"start":{"line":31,"column":63},"end":{"line":31,"column":64}},"loc":{"start":{"line":31,"column":77},"end":{"line":33,"column":5}},"line":31},"7":{"name":"(anonymous_7)","decl":{"start":{"line":38,"column":50},"end":{"line":38,"column":51}},"loc":{"start":{"line":38,"column":56},"end":{"line":46,"column":3}},"line":38},"8":{"name":"(anonymous_8)","decl":{"start":{"line":39,"column":63},"end":{"line":39,"column":64}},"loc":{"start":{"line":39,"column":77},"end":{"line":42,"column":5}},"line":39},"9":{"name":"(anonymous_9)","decl":{"start":{"line":48,"column":39},"end":{"line":48,"column":40}},"loc":{"start":{"line":48,"column":45},"end":{"line":51,"column":3}},"line":48}},"branchMap":{"0":{"loc":{"start":{"line":32,"column":13},"end":{"line":32,"column":61}},"type":"cond-expr","locations":[{"start":{"line":32,"column":38},"end":{"line":32,"column":44}},{"start":{"line":32,"column":47},"end":{"line":32,"column":61}}],"line":32},"1":{"loc":{"start":{"line":32,"column":13},"end":{"line":32,"column":35}},"type":"binary-expr","locations":[{"start":{"line":32,"column":13},"end":{"line":32,"column":22}},{"start":{"line":32,"column":26},"end":{"line":32,"column":35}}],"line":32}},"s":{"0":1,"1":1,"2":1,"3":5,"4":5,"5":5,"6":16,"7":1,"8":1,"9":1,"10":1,"11":1,"12":1,"13":1,"14":1,"15":1,"16":4,"17":1,"18":1,"19":1,"20":1,"21":4,"22":4,"23":1,"24":1,"25":1,"26":1,"27":1,"28":1},"f":{"0":1,"1":5,"2":16,"3":1,"4":1,"5":1,"6":4,"7":1,"8":4,"9":1},"b":{"0":[1,3],"1":[4,2]},"_coverageSchema":"1a1c01bbd47fc00a2c39e90264f33305004495a9","hash":"e19dd74fcf52aa7286bea01b7fb4102ce058a82f"}
,"/Users/hec/repos/2023/CS4530/Project/team109-project/implementation/spreadsheet-app/src/components/RangeExpressions/sum-expression.ts": {"path":"/Users/hec/repos/2023/CS4530/Project/team109-project/implementation/spreadsheet-app/src/components/RangeExpressions/sum-expression.ts","statementMap":{"0":{"start":{"line":8,"column":4},"end":{"line":8,"column":27}},"1":{"start":{"line":18,"column":27},"end":{"line":18,"column":29}},"2":{"start":{"line":19,"column":4},"end":{"line":30,"column":5}},"3":{"start":{"line":19,"column":17},"end":{"line":19,"column":25}},"4":{"start":{"line":20,"column":6},"end":{"line":29,"column":7}},"5":{"start":{"line":20,"column":19},"end":{"line":20,"column":27}},"6":{"start":{"line":21,"column":24},"end":{"line":21,"column":58}},"7":{"start":{"line":22,"column":27},"end":{"line":22,"column":44}},"8":{"start":{"line":24,"column":8},"end":{"line":28,"column":9}},"9":{"start":{"line":25,"column":10},"end":{"line":25,"column":36}},"10":{"start":{"line":27,"column":10},"end":{"line":27,"column":77}},"11":{"start":{"line":31,"column":4},"end":{"line":31,"column":18}},"12":{"start":{"line":35,"column":4},"end":{"line":35,"column":53}},"13":{"start":{"line":35,"column":39},"end":{"line":35,"column":48}}},"fnMap":{"0":{"name":"(anonymous_0)","decl":{"start":{"line":7,"column":2},"end":{"line":7,"column":3}},"loc":{"start":{"line":7,"column":45},"end":{"line":9,"column":3}},"line":7},"1":{"name":"(anonymous_1)","decl":{"start":{"line":11,"column":2},"end":{"line":11,"column":3}},"loc":{"start":{"line":16,"column":14},"end":{"line":32,"column":3}},"line":16},"2":{"name":"(anonymous_2)","decl":{"start":{"line":34,"column":2},"end":{"line":34,"column":3}},"loc":{"start":{"line":34,"column":48},"end":{"line":36,"column":3}},"line":34},"3":{"name":"(anonymous_3)","decl":{"start":{"line":35,"column":25},"end":{"line":35,"column":26}},"loc":{"start":{"line":35,"column":39},"end":{"line":35,"column":48}},"line":35}},"branchMap":{"0":{"loc":{"start":{"line":24,"column":8},"end":{"line":28,"column":9}},"type":"if","locations":[{"start":{"line":24,"column":8},"end":{"line":28,"column":9}},{"start":{"line":26,"column":15},"end":{"line":28,"column":9}}],"line":24}},"s":{"0":5,"1":4,"2":4,"3":4,"4":10,"5":10,"6":24,"7":24,"8":24,"9":23,"10":1,"11":4,"12":2,"13":8},"f":{"0":5,"1":4,"2":2,"3":8},"b":{"0":[23,1]},"_coverageSchema":"1a1c01bbd47fc00a2c39e90264f33305004495a9","hash":"25c8a628c918b416c87158e599a7ec6cc4bb36b4"}
,"/Users/hec/repos/2023/CS4530/Project/team109-project/implementation/spreadsheet-app/src/components/Spreadsheet/spreadsheet.spec.ts": {"path":"/Users/hec/repos/2023/CS4530/Project/team109-project/implementation/spreadsheet-app/src/components/Spreadsheet/spreadsheet.spec.ts","statementMap":{"0":{"start":{"line":3,"column":0},"end":{"line":76,"column":3}},"1":{"start":{"line":6,"column":2},"end":{"line":8,"column":5}},"2":{"start":{"line":7,"column":4},"end":{"line":7,"column":40}},"3":{"start":{"line":10,"column":2},"end":{"line":13,"column":5}},"4":{"start":{"line":11,"column":4},"end":{"line":11,"column":46}},"5":{"start":{"line":12,"column":4},"end":{"line":12,"column":49}},"6":{"start":{"line":15,"column":2},"end":{"line":18,"column":5}},"7":{"start":{"line":16,"column":4},"end":{"line":16,"column":43}},"8":{"start":{"line":17,"column":4},"end":{"line":17,"column":56}},"9":{"start":{"line":20,"column":2},"end":{"line":24,"column":5}},"10":{"start":{"line":22,"column":24},"end":{"line":22,"column":78}},"11":{"start":{"line":23,"column":4},"end":{"line":23,"column":61}},"12":{"start":{"line":26,"column":2},"end":{"line":32,"column":5}},"13":{"start":{"line":27,"column":4},"end":{"line":27,"column":26}},"14":{"start":{"line":28,"column":4},"end":{"line":28,"column":46}},"15":{"start":{"line":30,"column":4},"end":{"line":30,"column":29}},"16":{"start":{"line":31,"column":4},"end":{"line":31,"column":46}},"17":{"start":{"line":34,"column":2},"end":{"line":40,"column":5}},"18":{"start":{"line":35,"column":4},"end":{"line":35,"column":29}},"19":{"start":{"line":36,"column":4},"end":{"line":36,"column":49}},"20":{"start":{"line":38,"column":4},"end":{"line":38,"column":32}},"21":{"start":{"line":39,"column":4},"end":{"line":39,"column":49}},"22":{"start":{"line":42,"column":2},"end":{"line":45,"column":5}},"23":{"start":{"line":43,"column":4},"end":{"line":43,"column":51}},"24":{"start":{"line":43,"column":17},"end":{"line":43,"column":39}},"25":{"start":{"line":44,"column":4},"end":{"line":44,"column":78}},"26":{"start":{"line":44,"column":17},"end":{"line":44,"column":66}},"27":{"start":{"line":47,"column":2},"end":{"line":51,"column":5}},"28":{"start":{"line":48,"column":4},"end":{"line":48,"column":81}},"29":{"start":{"line":49,"column":24},"end":{"line":49,"column":121}},"30":{"start":{"line":50,"column":4},"end":{"line":50,"column":61}},"31":{"start":{"line":53,"column":2},"end":{"line":74,"column":5}},"32":{"start":{"line":55,"column":4},"end":{"line":55,"column":103}},"33":{"start":{"line":55,"column":80},"end":{"line":55,"column":100}},"34":{"start":{"line":56,"column":4},"end":{"line":56,"column":43}},"35":{"start":{"line":57,"column":4},"end":{"line":57,"column":43}},"36":{"start":{"line":58,"column":4},"end":{"line":64,"column":8}},"37":{"start":{"line":58,"column":65},"end":{"line":64,"column":5}},"38":{"start":{"line":67,"column":4},"end":{"line":67,"column":30}},"39":{"start":{"line":70,"column":4},"end":{"line":70,"column":101}},"40":{"start":{"line":71,"column":4},"end":{"line":71,"column":61}},"41":{"start":{"line":72,"column":4},"end":{"line":72,"column":58}},"42":{"start":{"line":73,"column":4},"end":{"line":73,"column":58}}},"fnMap":{"0":{"name":"(anonymous_0)","decl":{"start":{"line":3,"column":24},"end":{"line":3,"column":25}},"loc":{"start":{"line":3,"column":30},"end":{"line":76,"column":1}},"line":3},"1":{"name":"(anonymous_1)","decl":{"start":{"line":6,"column":13},"end":{"line":6,"column":14}},"loc":{"start":{"line":6,"column":19},"end":{"line":8,"column":3}},"line":6},"2":{"name":"(anonymous_2)","decl":{"start":{"line":10,"column":53},"end":{"line":10,"column":54}},"loc":{"start":{"line":10,"column":59},"end":{"line":13,"column":3}},"line":10},"3":{"name":"(anonymous_3)","decl":{"start":{"line":15,"column":48},"end":{"line":15,"column":49}},"loc":{"start":{"line":15,"column":54},"end":{"line":18,"column":3}},"line":15},"4":{"name":"(anonymous_4)","decl":{"start":{"line":20,"column":45},"end":{"line":20,"column":46}},"loc":{"start":{"line":20,"column":51},"end":{"line":24,"column":3}},"line":20},"5":{"name":"(anonymous_5)","decl":{"start":{"line":26,"column":45},"end":{"line":26,"column":46}},"loc":{"start":{"line":26,"column":51},"end":{"line":32,"column":3}},"line":26},"6":{"name":"(anonymous_6)","decl":{"start":{"line":34,"column":48},"end":{"line":34,"column":49}},"loc":{"start":{"line":34,"column":54},"end":{"line":40,"column":3}},"line":34},"7":{"name":"(anonymous_7)","decl":{"start":{"line":42,"column":52},"end":{"line":42,"column":53}},"loc":{"start":{"line":42,"column":58},"end":{"line":45,"column":3}},"line":42},"8":{"name":"(anonymous_8)","decl":{"start":{"line":43,"column":11},"end":{"line":43,"column":12}},"loc":{"start":{"line":43,"column":17},"end":{"line":43,"column":39}},"line":43},"9":{"name":"(anonymous_9)","decl":{"start":{"line":44,"column":11},"end":{"line":44,"column":12}},"loc":{"start":{"line":44,"column":17},"end":{"line":44,"column":66}},"line":44},"10":{"name":"(anonymous_10)","decl":{"start":{"line":47,"column":77},"end":{"line":47,"column":78}},"loc":{"start":{"line":47,"column":83},"end":{"line":51,"column":3}},"line":47},"11":{"name":"(anonymous_11)","decl":{"start":{"line":53,"column":73},"end":{"line":53,"column":74}},"loc":{"start":{"line":53,"column":79},"end":{"line":74,"column":3}},"line":53},"12":{"name":"(anonymous_12)","decl":{"start":{"line":55,"column":47},"end":{"line":55,"column":48}},"loc":{"start":{"line":55,"column":80},"end":{"line":55,"column":100}},"line":55},"13":{"name":"(anonymous_13)","decl":{"start":{"line":58,"column":58},"end":{"line":58,"column":59}},"loc":{"start":{"line":58,"column":65},"end":{"line":64,"column":5}},"line":58}},"branchMap":{},"s":{"0":1,"1":1,"2":8,"3":1,"4":1,"5":1,"6":1,"7":1,"8":1,"9":1,"10":1,"11":1,"12":1,"13":1,"14":1,"15":1,"16":1,"17":1,"18":1,"19":1,"20":1,"21":1,"22":1,"23":1,"24":1,"25":1,"26":1,"27":1,"28":1,"29":1,"30":1,"31":1,"32":1,"33":0,"34":1,"35":1,"36":1,"37":0,"38":0,"39":0,"40":0,"41":0,"42":0},"f":{"0":1,"1":8,"2":1,"3":1,"4":1,"5":1,"6":1,"7":1,"8":1,"9":1,"10":1,"11":1,"12":0,"13":0},"b":{},"_coverageSchema":"1a1c01bbd47fc00a2c39e90264f33305004495a9","hash":"6b2123eedaa047522364ef2f5abf1fc074333d36"}
,"/Users/hec/repos/2023/CS4530/Project/team109-project/implementation/spreadsheet-app/src/components/Spreadsheet/spreadsheet.ts": {"path":"/Users/hec/repos/2023/CS4530/Project/team109-project/implementation/spreadsheet-app/src/components/Spreadsheet/spreadsheet.ts","statementMap":{"0":{"start":{"line":11,"column":4},"end":{"line":11,"column":49}},"1":{"start":{"line":12,"column":4},"end":{"line":12,"column":27}},"2":{"start":{"line":13,"column":4},"end":{"line":13,"column":39}},"3":{"start":{"line":17,"column":4},"end":{"line":17,"column":76}},"4":{"start":{"line":17,"column":51},"end":{"line":17,"column":74}},"5":{"start":{"line":21,"column":4},"end":{"line":21,"column":68}},"6":{"start":{"line":21,"column":49},"end":{"line":21,"column":66}},"7":{"start":{"line":25,"column":22},"end":{"line":25,"column":51}},"8":{"start":{"line":26,"column":4},"end":{"line":26,"column":25}},"9":{"start":{"line":27,"column":4},"end":{"line":29,"column":6}},"10":{"start":{"line":28,"column":6},"end":{"line":28,"column":59}},"11":{"start":{"line":33,"column":4},"end":{"line":35,"column":5}},"12":{"start":{"line":34,"column":6},"end":{"line":34,"column":66}},"13":{"start":{"line":39,"column":4},"end":{"line":39,"column":41}},"14":{"start":{"line":40,"column":4},"end":{"line":40,"column":31}},"15":{"start":{"line":44,"column":4},"end":{"line":44,"column":41}},"16":{"start":{"line":45,"column":17},"end":{"line":45,"column":39}},"17":{"start":{"line":47,"column":4},"end":{"line":47,"column":25}},"18":{"start":{"line":48,"column":4},"end":{"line":50,"column":5}},"19":{"start":{"line":49,"column":6},"end":{"line":49,"column":58}},"20":{"start":{"line":51,"column":4},"end":{"line":51,"column":27}},"21":{"start":{"line":55,"column":4},"end":{"line":55,"column":45}},"22":{"start":{"line":59,"column":4},"end":{"line":59,"column":21}},"23":{"start":{"line":63,"column":4},"end":{"line":63,"column":39}},"24":{"start":{"line":64,"column":19},"end":{"line":64,"column":56}},"25":{"start":{"line":65,"column":4},"end":{"line":65,"column":41}},"26":{"start":{"line":69,"column":4},"end":{"line":71,"column":5}},"27":{"start":{"line":70,"column":6},"end":{"line":70,"column":44}},"28":{"start":{"line":75,"column":4},"end":{"line":77,"column":5}},"29":{"start":{"line":76,"column":6},"end":{"line":76,"column":63}},"30":{"start":{"line":78,"column":4},"end":{"line":78,"column":33}},"31":{"start":{"line":82,"column":4},"end":{"line":82,"column":42}},"32":{"start":{"line":83,"column":4},"end":{"line":83,"column":72}},"33":{"start":{"line":83,"column":29},"end":{"line":83,"column":70}},"34":{"start":{"line":87,"column":4},"end":{"line":89,"column":5}},"35":{"start":{"line":88,"column":6},"end":{"line":88,"column":47}},"36":{"start":{"line":93,"column":4},"end":{"line":95,"column":5}},"37":{"start":{"line":94,"column":6},"end":{"line":94,"column":66}},"38":{"start":{"line":96,"column":4},"end":{"line":96,"column":53}},"39":{"start":{"line":96,"column":29},"end":{"line":96,"column":51}},"40":{"start":{"line":100,"column":4},"end":{"line":100,"column":28}},"41":{"start":{"line":104,"column":4},"end":{"line":104,"column":37}},"42":{"start":{"line":109,"column":6},"end":{"line":114,"column":19}},"43":{"start":{"line":110,"column":8},"end":{"line":113,"column":20}},"44":{"start":{"line":111,"column":28},"end":{"line":111,"column":63}},"45":{"start":{"line":112,"column":10},"end":{"line":112,"column":34}},"46":{"start":{"line":119,"column":24},"end":{"line":119,"column":47}},"47":{"start":{"line":120,"column":19},"end":{"line":120,"column":77}},"48":{"start":{"line":121,"column":19},"end":{"line":121,"column":46}},"49":{"start":{"line":122,"column":6},"end":{"line":122,"column":44}},"50":{"start":{"line":123,"column":6},"end":{"line":123,"column":31}},"51":{"start":{"line":124,"column":6},"end":{"line":124,"column":38}},"52":{"start":{"line":125,"column":6},"end":{"line":125,"column":19}},"53":{"start":{"line":126,"column":6},"end":{"line":126,"column":38}},"54":{"start":{"line":127,"column":6},"end":{"line":127,"column":37}}},"fnMap":{"0":{"name":"(anonymous_0)","decl":{"start":{"line":10,"column":2},"end":{"line":10,"column":3}},"loc":{"start":{"line":10,"column":45},"end":{"line":14,"column":3}},"line":10},"1":{"name":"(anonymous_1)","decl":{"start":{"line":16,"column":2},"end":{"line":16,"column":3}},"loc":{"start":{"line":16,"column":62},"end":{"line":18,"column":3}},"line":16},"2":{"name":"(anonymous_2)","decl":{"start":{"line":17,"column":45},"end":{"line":17,"column":46}},"loc":{"start":{"line":17,"column":51},"end":{"line":17,"column":74}},"line":17},"3":{"name":"(anonymous_3)","decl":{"start":{"line":20,"column":2},"end":{"line":20,"column":3}},"loc":{"start":{"line":20,"column":45},"end":{"line":22,"column":3}},"line":20},"4":{"name":"(anonymous_4)","decl":{"start":{"line":21,"column":43},"end":{"line":21,"column":44}},"loc":{"start":{"line":21,"column":49},"end":{"line":21,"column":66}},"line":21},"5":{"name":"(anonymous_5)","decl":{"start":{"line":24,"column":2},"end":{"line":24,"column":3}},"loc":{"start":{"line":24,"column":29},"end":{"line":30,"column":3}},"line":24},"6":{"name":"(anonymous_6)","decl":{"start":{"line":27,"column":31},"end":{"line":27,"column":32}},"loc":{"start":{"line":28,"column":6},"end":{"line":28,"column":59}},"line":28},"7":{"name":"(anonymous_7)","decl":{"start":{"line":32,"column":2},"end":{"line":32,"column":3}},"loc":{"start":{"line":32,"column":64},"end":{"line":36,"column":3}},"line":32},"8":{"name":"(anonymous_8)","decl":{"start":{"line":38,"column":2},"end":{"line":38,"column":3}},"loc":{"start":{"line":38,"column":42},"end":{"line":41,"column":3}},"line":38},"9":{"name":"(anonymous_9)","decl":{"start":{"line":43,"column":2},"end":{"line":43,"column":3}},"loc":{"start":{"line":43,"column":62},"end":{"line":52,"column":3}},"line":43},"10":{"name":"(anonymous_10)","decl":{"start":{"line":54,"column":2},"end":{"line":54,"column":3}},"loc":{"start":{"line":54,"column":49},"end":{"line":56,"column":3}},"line":54},"11":{"name":"(anonymous_11)","decl":{"start":{"line":58,"column":2},"end":{"line":58,"column":3}},"loc":{"start":{"line":58,"column":29},"end":{"line":60,"column":3}},"line":58},"12":{"name":"(anonymous_12)","decl":{"start":{"line":62,"column":2},"end":{"line":62,"column":3}},"loc":{"start":{"line":62,"column":32},"end":{"line":66,"column":3}},"line":62},"13":{"name":"(anonymous_13)","decl":{"start":{"line":68,"column":2},"end":{"line":68,"column":3}},"loc":{"start":{"line":68,"column":52},"end":{"line":72,"column":3}},"line":68},"14":{"name":"(anonymous_14)","decl":{"start":{"line":74,"column":2},"end":{"line":74,"column":3}},"loc":{"start":{"line":74,"column":35},"end":{"line":79,"column":3}},"line":74},"15":{"name":"(anonymous_15)","decl":{"start":{"line":81,"column":2},"end":{"line":81,"column":3}},"loc":{"start":{"line":81,"column":35},"end":{"line":84,"column":3}},"line":81},"16":{"name":"(anonymous_16)","decl":{"start":{"line":83,"column":22},"end":{"line":83,"column":23}},"loc":{"start":{"line":83,"column":29},"end":{"line":83,"column":70}},"line":83},"17":{"name":"(anonymous_17)","decl":{"start":{"line":86,"column":2},"end":{"line":86,"column":3}},"loc":{"start":{"line":86,"column":55},"end":{"line":90,"column":3}},"line":86},"18":{"name":"(anonymous_18)","decl":{"start":{"line":92,"column":2},"end":{"line":92,"column":3}},"loc":{"start":{"line":92,"column":38},"end":{"line":97,"column":3}},"line":92},"19":{"name":"(anonymous_19)","decl":{"start":{"line":96,"column":22},"end":{"line":96,"column":23}},"loc":{"start":{"line":96,"column":29},"end":{"line":96,"column":51}},"line":96},"20":{"name":"(anonymous_20)","decl":{"start":{"line":99,"column":2},"end":{"line":99,"column":3}},"loc":{"start":{"line":99,"column":31},"end":{"line":101,"column":3}},"line":99},"21":{"name":"(anonymous_21)","decl":{"start":{"line":103,"column":2},"end":{"line":103,"column":3}},"loc":{"start":{"line":103,"column":34},"end":{"line":105,"column":3}},"line":103},"22":{"name":"(anonymous_22)","decl":{"start":{"line":108,"column":4},"end":{"line":108,"column":5}},"loc":{"start":{"line":108,"column":38},"end":{"line":115,"column":5}},"line":108},"23":{"name":"(anonymous_23)","decl":{"start":{"line":109,"column":27},"end":{"line":109,"column":28}},"loc":{"start":{"line":110,"column":8},"end":{"line":113,"column":20}},"line":110},"24":{"name":"(anonymous_24)","decl":{"start":{"line":110,"column":16},"end":{"line":110,"column":17}},"loc":{"start":{"line":110,"column":24},"end":{"line":113,"column":9}},"line":110},"25":{"name":"(anonymous_25)","decl":{"start":{"line":118,"column":4},"end":{"line":118,"column":5}},"loc":{"start":{"line":118,"column":67},"end":{"line":128,"column":5}},"line":118}},"branchMap":{"0":{"loc":{"start":{"line":33,"column":4},"end":{"line":35,"column":5}},"type":"if","locations":[{"start":{"line":33,"column":4},"end":{"line":35,"column":5}},{"start":{},"end":{}}],"line":33},"1":{"loc":{"start":{"line":33,"column":8},"end":{"line":33,"column":85}},"type":"binary-expr","locations":[{"start":{"line":33,"column":8},"end":{"line":33,"column":15}},{"start":{"line":33,"column":19},"end":{"line":33,"column":42}},{"start":{"line":33,"column":46},"end":{"line":33,"column":53}},{"start":{"line":33,"column":57},"end":{"line":33,"column":85}}],"line":33},"2":{"loc":{"start":{"line":48,"column":4},"end":{"line":50,"column":5}},"type":"if","locations":[{"start":{"line":48,"column":4},"end":{"line":50,"column":5}},{"start":{},"end":{}}],"line":48},"3":{"loc":{"start":{"line":69,"column":4},"end":{"line":71,"column":5}},"type":"if","locations":[{"start":{"line":69,"column":4},"end":{"line":71,"column":5}},{"start":{},"end":{}}],"line":69},"4":{"loc":{"start":{"line":69,"column":8},"end":{"line":69,"column":45}},"type":"binary-expr","locations":[{"start":{"line":69,"column":8},"end":{"line":69,"column":17}},{"start":{"line":69,"column":21},"end":{"line":69,"column":45}}],"line":69},"5":{"loc":{"start":{"line":75,"column":4},"end":{"line":77,"column":5}},"type":"if","locations":[{"start":{"line":75,"column":4},"end":{"line":77,"column":5}},{"start":{},"end":{}}],"line":75},"6":{"loc":{"start":{"line":75,"column":8},"end":{"line":75,"column":50}},"type":"binary-expr","locations":[{"start":{"line":75,"column":8},"end":{"line":75,"column":19}},{"start":{"line":75,"column":23},"end":{"line":75,"column":50}}],"line":75},"7":{"loc":{"start":{"line":87,"column":4},"end":{"line":89,"column":5}},"type":"if","locations":[{"start":{"line":87,"column":4},"end":{"line":89,"column":5}},{"start":{},"end":{}}],"line":87},"8":{"loc":{"start":{"line":87,"column":8},"end":{"line":87,"column":50}},"type":"binary-expr","locations":[{"start":{"line":87,"column":8},"end":{"line":87,"column":17}},{"start":{"line":87,"column":21},"end":{"line":87,"column":50}}],"line":87},"9":{"loc":{"start":{"line":93,"column":4},"end":{"line":95,"column":5}},"type":"if","locations":[{"start":{"line":93,"column":4},"end":{"line":95,"column":5}},{"start":{},"end":{}}],"line":93},"10":{"loc":{"start":{"line":93,"column":8},"end":{"line":93,"column":55}},"type":"binary-expr","locations":[{"start":{"line":93,"column":8},"end":{"line":93,"column":19}},{"start":{"line":93,"column":23},"end":{"line":93,"column":55}}],"line":93},"11":{"loc":{"start":{"line":104,"column":11},"end":{"line":104,"column":36}},"type":"binary-expr","locations":[{"start":{"line":104,"column":11},"end":{"line":104,"column":31}},{"start":{"line":104,"column":35},"end":{"line":104,"column":36}}],"line":104},"12":{"loc":{"start":{"line":118,"column":23},"end":{"line":118,"column":59}},"type":"default-arg","locations":[{"start":{"line":118,"column":42},"end":{"line":118,"column":59}}],"line":118}},"s":{"0":8,"1":8,"2":8,"3":8,"4":24,"5":25,"6":100,"7":103,"8":103,"9":103,"10":0,"11":5,"12":0,"13":3,"14":3,"15":2,"16":2,"17":2,"18":2,"19":0,"20":2,"21":1,"22":0,"23":3,"24":1,"25":1,"26":3,"27":2,"28":1,"29":0,"30":1,"31":1,"32":1,"33":3,"34":1,"35":0,"36":1,"37":0,"38":1,"39":3,"40":4,"41":6,"42":2,"43":6,"44":24,"45":24,"46":0,"47":0,"48":0,"49":0,"50":0,"51":0,"52":0,"53":0,"54":0},"f":{"0":8,"1":8,"2":24,"3":25,"4":100,"5":103,"6":0,"7":5,"8":3,"9":2,"10":1,"11":0,"12":3,"13":3,"14":1,"15":1,"16":3,"17":1,"18":1,"19":3,"20":4,"21":6,"22":2,"23":6,"24":24,"25":0},"b":{"0":[0,5],"1":[5,5,5,5],"2":[0,2],"3":[2,1],"4":[3,2],"5":[0,1],"6":[1,1],"7":[0,1],"8":[1,1],"9":[0,1],"10":[1,1],"11":[6,0],"12":[0]},"_coverageSchema":"1a1c01bbd47fc00a2c39e90264f33305004495a9","hash":"f646d974f7a692bc2fa63e5b2ab5695b1385d592"}
,"/Users/hec/repos/2023/CS4530/Project/team109-project/implementation/spreadsheet-app/src/interfaces/ICalculator.ts": {"path":"/Users/hec/repos/2023/CS4530/Project/team109-project/implementation/spreadsheet-app/src/interfaces/ICalculator.ts","statementMap":{},"fnMap":{},"branchMap":{},"s":{},"f":{},"b":{}}
,"/Users/hec/repos/2023/CS4530/Project/team109-project/implementation/spreadsheet-app/src/interfaces/ICell.ts": {"path":"/Users/hec/repos/2023/CS4530/Project/team109-project/implementation/spreadsheet-app/src/interfaces/ICell.ts","statementMap":{},"fnMap":{},"branchMap":{},"s":{},"f":{},"b":{}}
,"/Users/hec/repos/2023/CS4530/Project/team109-project/implementation/spreadsheet-app/src/interfaces/IExpression.ts": {"path":"/Users/hec/repos/2023/CS4530/Project/team109-project/implementation/spreadsheet-app/src/interfaces/IExpression.ts","statementMap":{},"fnMap":{},"branchMap":{},"s":{},"f":{},"b":{}}
,"/Users/hec/repos/2023/CS4530/Project/team109-project/implementation/spreadsheet-app/src/interfaces/ISpreadsheet.ts": {"path":"/Users/hec/repos/2023/CS4530/Project/team109-project/implementation/spreadsheet-app/src/interfaces/ISpreadsheet.ts","statementMap":{},"fnMap":{},"branchMap":{},"s":{},"f":{},"b":{}}
}
