TN:
SF:src/components/Calculator/calculator.spec.ts
FN:3,(anonymous_0)
FN:6,(anonymous_1)
FN:10,(anonymous_2)
FN:14,(anonymous_3)
FN:18,(anonymous_4)
FN:22,(anonymous_5)
FN:26,(anonymous_6)
FN:30,(anonymous_7)
FN:34,(anonymous_8)
FN:38,(anonymous_9)
FN:42,(anonymous_10)
FN:46,(anonymous_11)
FN:47,(anonymous_12)
FN:50,(anonymous_13)
FN:54,(anonymous_14)
FN:58,(anonymous_15)
FN:62,(anonymous_16)
FN:66,(anonymous_17)
FNF:18
FNH:18
FNDA:1,(anonymous_0)
FNDA:1,(anonymous_1)
FNDA:1,(anonymous_2)
FNDA:1,(anonymous_3)
FNDA:1,(anonymous_4)
FNDA:1,(anonymous_5)
FNDA:1,(anonymous_6)
FNDA:1,(anonymous_7)
FNDA:1,(anonymous_8)
FNDA:1,(anonymous_9)
FNDA:1,(anonymous_10)
FNDA:1,(anonymous_11)
FNDA:1,(anonymous_12)
FNDA:1,(anonymous_13)
FNDA:1,(anonymous_14)
FNDA:1,(anonymous_15)
FNDA:1,(anonymous_16)
FNDA:1,(anonymous_17)
DA:3,1
DA:6,1
DA:7,1
DA:10,1
DA:11,1
DA:14,1
DA:15,1
DA:18,1
DA:19,1
DA:22,1
DA:23,1
DA:26,1
DA:27,1
DA:30,1
DA:31,1
DA:34,1
DA:35,1
DA:38,1
DA:39,1
DA:42,1
DA:43,1
DA:46,1
DA:47,1
DA:50,1
DA:51,1
DA:54,1
DA:55,1
DA:58,1
DA:59,1
DA:62,1
DA:63,1
DA:66,1
DA:67,1
LF:33
LH:33
BRF:0
BRH:0
end_of_record
TN:
SF:src/components/Calculator/calculator.ts
FN:4,(anonymous_0)
FN:36,(anonymous_1)
FN:40,(anonymous_2)
FN:44,(anonymous_3)
FN:54,(anonymous_4)
FN:67,(anonymous_5)
FNF:6
FNH:6
FNDA:16,(anonymous_0)
FNDA:65,(anonymous_1)
FNDA:22,(anonymous_2)
FNDA:9,(anonymous_3)
FNDA:22,(anonymous_4)
FNDA:22,(anonymous_5)
DA:5,16
DA:6,16
DA:8,14
DA:9,14
DA:11,14
DA:12,65
DA:13,29
DA:14,36
DA:15,7
DA:16,29
DA:17,7
DA:18,4
DA:20,7
DA:21,22
DA:22,22
DA:23,0
DA:25,22
DA:29,14
DA:30,18
DA:33,13
DA:37,65
DA:41,22
DA:45,9
DA:46,4
DA:48,5
DA:49,0
DA:51,5
DA:55,22
DA:56,10
DA:57,3
DA:58,4
DA:60,4
DA:61,3
DA:62,1
DA:63,0
DA:68,22
DA:69,22
DA:70,22
DA:71,22
LF:39
LH:36
BRDA:6,0,0,2
BRDA:6,0,1,14
BRDA:12,1,0,29
BRDA:12,1,1,36
BRDA:14,2,0,7
BRDA:14,2,1,29
BRDA:16,3,0,7
BRDA:16,3,1,22
BRDA:17,4,0,11
BRDA:17,4,1,11
BRDA:21,5,0,22
BRDA:21,5,1,0
BRDA:22,6,0,22
BRDA:22,6,1,9
BRDA:33,7,0,12
BRDA:33,7,1,1
BRDA:37,8,0,65
BRDA:37,8,1,29
BRDA:45,9,0,4
BRDA:45,9,1,5
BRDA:45,10,0,9
BRDA:45,10,1,5
BRDA:48,11,0,0
BRDA:48,11,1,5
BRDA:48,12,0,5
BRDA:48,12,1,5
BRDA:51,13,0,5
BRDA:51,13,1,5
BRDA:51,13,2,0
BRDA:51,13,3,0
BRDA:55,14,0,10
BRDA:55,14,1,3
BRDA:55,14,2,4
BRDA:55,14,3,4
BRDA:55,14,4,1
BRDA:55,14,5,0
BRDA:60,15,0,1
BRDA:60,15,1,3
BRF:38
BRH:33
end_of_record
TN:
SF:src/components/Cells/cell.spec.ts
FN:3,(anonymous_0)
FN:8,(anonymous_1)
FN:14,(anonymous_2)
FN:18,(anonymous_3)
FN:25,(anonymous_4)
FN:33,(anonymous_5)
FN:40,(anonymous_6)
FN:48,(anonymous_7)
FN:57,(anonymous_8)
FN:65,(anonymous_9)
FN:70,(anonymous_10)
FN:75,(anonymous_11)
FN:81,(anonymous_12)
FN:91,(anonymous_13)
FNF:14
FNH:14
FNDA:1,(anonymous_0)
FNDA:12,(anonymous_1)
FNDA:1,(anonymous_2)
FNDA:1,(anonymous_3)
FNDA:1,(anonymous_4)
FNDA:1,(anonymous_5)
FNDA:1,(anonymous_6)
FNDA:1,(anonymous_7)
FNDA:1,(anonymous_8)
FNDA:1,(anonymous_9)
FNDA:1,(anonymous_10)
FNDA:1,(anonymous_11)
FNDA:1,(anonymous_12)
FNDA:1,(anonymous_13)
DA:3,1
DA:8,1
DA:9,12
DA:10,12
DA:11,12
DA:14,1
DA:15,1
DA:18,1
DA:19,1
DA:20,1
DA:21,1
DA:22,1
DA:25,1
DA:26,1
DA:27,1
DA:28,1
DA:29,1
DA:30,1
DA:33,1
DA:34,1
DA:35,1
DA:36,1
DA:37,1
DA:40,1
DA:41,1
DA:42,1
DA:43,1
DA:44,1
DA:45,1
DA:48,1
DA:49,1
DA:50,1
DA:51,1
DA:52,1
DA:53,1
DA:54,1
DA:57,1
DA:58,1
DA:59,1
DA:60,1
DA:61,1
DA:62,1
DA:65,1
DA:66,1
DA:67,1
DA:70,1
DA:71,1
DA:72,1
DA:75,1
DA:76,1
DA:77,1
DA:78,1
DA:81,1
DA:82,1
DA:83,1
DA:84,1
DA:85,1
DA:86,1
DA:87,1
DA:88,1
DA:91,1
DA:92,1
DA:93,1
DA:94,1
DA:95,1
LF:65
LH:65
BRF:0
BRH:0
end_of_record
TN:
SF:src/components/Cells/cell.ts
FN:6,(anonymous_0)
FN:11,(anonymous_1)
FN:21,(anonymous_2)
FN:25,(anonymous_3)
FN:26,(anonymous_4)
FN:29,(anonymous_5)
FN:30,(anonymous_6)
FN:33,(anonymous_7)
FN:37,(anonymous_8)
FN:46,(anonymous_9)
FN:47,(anonymous_10)
FN:50,(anonymous_11)
FN:51,(anonymous_12)
FN:54,(anonymous_13)
FN:70,(anonymous_14)
FN:74,(anonymous_15)
FN:80,(anonymous_16)
FN:88,(anonymous_17)
FN:91,(anonymous_18)
FN:94,(anonymous_19)
FN:97,(anonymous_20)
FNF:21
FNH:19
FNDA:0,(anonymous_0)
FNDA:139,(anonymous_1)
FNDA:8,(anonymous_2)
FNDA:1,(anonymous_3)
FNDA:1,(anonymous_4)
FNDA:151,(anonymous_5)
FNDA:2,(anonymous_6)
FNDA:0,(anonymous_7)
FNDA:8,(anonymous_8)
FNDA:1,(anonymous_9)
FNDA:1,(anonymous_10)
FNDA:152,(anonymous_11)
FNDA:2,(anonymous_12)
FNDA:150,(anonymous_13)
FNDA:39,(anonymous_14)
FNDA:4,(anonymous_15)
FNDA:6,(anonymous_16)
FNDA:1,(anonymous_17)
FNDA:1,(anonymous_18)
FNDA:1,(anonymous_19)
FNDA:1,(anonymous_20)
DA:4,139
DA:6,139
DA:7,139
DA:15,139
DA:16,139
DA:17,139
DA:18,139
DA:22,8
DA:26,1
DA:30,151
DA:34,0
DA:38,8
DA:39,8
DA:47,1
DA:51,152
DA:55,150
DA:57,3
DA:58,3
DA:59,3
DA:60,3
DA:63,147
DA:64,147
DA:65,147
DA:66,147
DA:71,39
DA:76,4
DA:77,4
DA:81,6
DA:82,1
DA:83,1
DA:89,1
DA:92,1
DA:95,1
DA:98,1
LF:34
LH:33
BRDA:55,0,0,3
BRDA:55,0,1,147
BRDA:81,1,0,1
BRDA:81,1,1,5
BRF:4
BRH:4
end_of_record
TN:
SF:src/components/Parsing/formulaParser.spec.ts
FN:7,(anonymous_0)
FN:13,(anonymous_1)
FN:17,(anonymous_2)
FN:21,(anonymous_3)
FN:26,(anonymous_4)
FN:31,(anonymous_5)
FN:37,(anonymous_6)
FN:41,(anonymous_7)
FN:46,(anonymous_8)
FNF:9
FNH:8
FNDA:1,(anonymous_0)
FNDA:5,(anonymous_1)
FNDA:0,(anonymous_2)
FNDA:5,(anonymous_3)
FNDA:1,(anonymous_4)
FNDA:1,(anonymous_5)
FNDA:1,(anonymous_6)
FNDA:1,(anonymous_7)
FNDA:1,(anonymous_8)
DA:5,1
DA:7,1
DA:13,1
DA:14,5
DA:15,5
DA:17,5
DA:18,5
DA:21,5
DA:22,5
DA:26,1
DA:27,1
DA:28,1
DA:31,1
DA:32,1
DA:33,1
DA:37,1
DA:38,1
DA:41,1
DA:42,1
DA:43,1
DA:46,1
DA:47,1
LF:22
LH:22
BRF:0
BRH:0
end_of_record
TN:
SF:src/components/RangeExpressions/average-expression.spec.ts
FN:6,(anonymous_0)
FN:10,(anonymous_1)
FN:14,(anonymous_2)
FN:19,(anonymous_3)
FN:24,(anonymous_4)
FN:30,(anonymous_5)
FN:35,(anonymous_6)
FN:42,(anonymous_7)
FN:49,(anonymous_8)
FN:50,(anonymous_9)
FN:58,(anonymous_10)
FNF:11
FNH:11
FNDA:1,(anonymous_0)
FNDA:7,(anonymous_1)
FNDA:13,(anonymous_2)
FNDA:1,(anonymous_3)
FNDA:1,(anonymous_4)
FNDA:1,(anonymous_5)
FNDA:1,(anonymous_6)
FNDA:1,(anonymous_7)
FNDA:1,(anonymous_8)
FNDA:4,(anonymous_9)
FNDA:1,(anonymous_10)
DA:4,1
DA:6,1
DA:10,1
DA:11,7
DA:12,7
DA:14,7
DA:15,13
DA:19,1
DA:20,1
DA:21,1
DA:24,1
DA:25,1
DA:26,1
DA:27,1
DA:30,1
DA:31,1
DA:32,1
DA:35,1
DA:36,1
DA:37,1
DA:38,1
DA:39,1
DA:42,1
DA:43,1
DA:44,1
DA:45,1
DA:46,1
DA:49,1
DA:50,1
DA:51,4
DA:53,1
DA:54,1
DA:55,1
DA:58,1
DA:59,1
DA:60,1
DA:61,1
LF:37
LH:37
BRDA:51,0,0,1
BRDA:51,0,1,3
BRDA:51,1,0,4
BRDA:51,1,1,2
BRF:4
BRH:4
end_of_record
TN:
SF:src/components/RangeExpressions/average-expression.ts
FN:7,(anonymous_0)
FN:12,(anonymous_1)
FN:41,(anonymous_2)
FN:46,(anonymous_3)
FNF:4
FNH:4
FNDA:7,(anonymous_0)
FNDA:5,(anonymous_1)
FNDA:6,(anonymous_2)
FNDA:24,(anonymous_3)
DA:8,7
DA:18,5
DA:22,5
DA:23,5
DA:24,11
DA:26,25
DA:27,25
DA:29,25
DA:30,24
DA:33,1
DA:38,5
DA:42,6
DA:43,1
DA:46,24
DA:47,5
LF:15
LH:15
BRDA:29,0,0,24
BRDA:29,0,1,1
BRDA:42,1,0,1
BRDA:42,1,1,5
BRF:4
BRH:4
end_of_record
TN:
SF:src/components/RangeExpressions/sum-expression.spec.ts
FN:6,(anonymous_0)
FN:10,(anonymous_1)
FN:14,(anonymous_2)
FN:19,(anonymous_3)
FN:24,(anonymous_4)
FN:30,(anonymous_5)
FN:31,(anonymous_6)
FN:38,(anonymous_7)
FN:39,(anonymous_8)
FN:48,(anonymous_9)
FNF:10
FNH:10
FNDA:1,(anonymous_0)
FNDA:5,(anonymous_1)
FNDA:16,(anonymous_2)
FNDA:1,(anonymous_3)
FNDA:1,(anonymous_4)
FNDA:1,(anonymous_5)
FNDA:4,(anonymous_6)
FNDA:1,(anonymous_7)
FNDA:4,(anonymous_8)
FNDA:1,(anonymous_9)
DA:4,1
DA:6,1
DA:10,1
DA:11,5
DA:12,5
DA:14,5
DA:15,16
DA:19,1
DA:20,1
DA:21,1
DA:24,1
DA:25,1
DA:26,1
DA:27,1
DA:30,1
DA:31,1
DA:32,4
DA:34,1
DA:35,1
DA:38,1
DA:39,1
DA:40,4
DA:41,4
DA:43,1
DA:44,1
DA:45,1
DA:48,1
DA:49,1
DA:50,1
LF:29
LH:29
BRDA:32,0,0,1
BRDA:32,0,1,3
BRDA:32,1,0,4
BRDA:32,1,1,2
BRF:4
BRH:4
end_of_record
TN:
SF:src/components/RangeExpressions/sum-expression.ts
FN:7,(anonymous_0)
FN:11,(anonymous_1)
FN:34,(anonymous_2)
FN:35,(anonymous_3)
FNF:4
FNH:4
FNDA:5,(anonymous_0)
FNDA:4,(anonymous_1)
FNDA:2,(anonymous_2)
FNDA:8,(anonymous_3)
DA:8,5
DA:18,4
DA:19,4
DA:20,10
DA:21,24
DA:22,24
DA:24,24
DA:25,23
DA:27,1
DA:31,4
DA:35,8
LF:11
LH:11
BRDA:24,0,0,23
BRDA:24,0,1,1
BRF:2
BRH:2
end_of_record
TN:
SF:src/components/Spreadsheet/spreadsheet.spec.ts
FN:3,(anonymous_0)
FN:6,(anonymous_1)
FN:10,(anonymous_2)
FN:15,(anonymous_3)
FN:20,(anonymous_4)
FN:26,(anonymous_5)
FN:34,(anonymous_6)
FN:42,(anonymous_7)
FN:43,(anonymous_8)
FN:44,(anonymous_9)
FN:47,(anonymous_10)
FN:53,(anonymous_11)
FN:55,(anonymous_12)
FN:58,(anonymous_13)
FNF:14
FNH:12
FNDA:1,(anonymous_0)
FNDA:8,(anonymous_1)
FNDA:1,(anonymous_2)
FNDA:1,(anonymous_3)
FNDA:1,(anonymous_4)
FNDA:1,(anonymous_5)
FNDA:1,(anonymous_6)
FNDA:1,(anonymous_7)
FNDA:1,(anonymous_8)
FNDA:1,(anonymous_9)
FNDA:1,(anonymous_10)
FNDA:1,(anonymous_11)
FNDA:0,(anonymous_12)
FNDA:0,(anonymous_13)
DA:3,1
DA:6,1
DA:7,8
DA:10,1
DA:11,1
DA:12,1
DA:15,1
DA:16,1
DA:17,1
DA:20,1
DA:22,1
DA:23,1
DA:26,1
DA:27,1
DA:28,1
DA:30,1
DA:31,1
DA:34,1
DA:35,1
DA:36,1
DA:38,1
DA:39,1
DA:42,1
DA:43,1
DA:44,1
DA:47,1
DA:48,1
DA:49,1
DA:50,1
DA:53,1
DA:55,1
DA:56,1
DA:57,1
DA:58,1
DA:67,0
DA:70,0
DA:71,0
DA:72,0
DA:73,0
LF:39
LH:34
BRF:0
BRH:0
end_of_record
TN:
SF:src/components/Spreadsheet/spreadsheet.ts
FN:10,(anonymous_0)
FN:16,(anonymous_1)
FN:17,(anonymous_2)
FN:20,(anonymous_3)
FN:21,(anonymous_4)
FN:24,(anonymous_5)
FN:27,(anonymous_6)
FN:32,(anonymous_7)
FN:38,(anonymous_8)
FN:43,(anonymous_9)
FN:54,(anonymous_10)
FN:58,(anonymous_11)
FN:62,(anonymous_12)
FN:68,(anonymous_13)
FN:74,(anonymous_14)
FN:81,(anonymous_15)
FN:83,(anonymous_16)
FN:86,(anonymous_17)
FN:92,(anonymous_18)
FN:96,(anonymous_19)
FN:99,(anonymous_20)
FN:103,(anonymous_21)
FN:108,(anonymous_22)
FN:109,(anonymous_23)
FN:110,(anonymous_24)
FN:118,(anonymous_25)
FNF:26
FNH:23
FNDA:8,(anonymous_0)
FNDA:8,(anonymous_1)
FNDA:24,(anonymous_2)
FNDA:25,(anonymous_3)
FNDA:100,(anonymous_4)
FNDA:103,(anonymous_5)
FNDA:0,(anonymous_6)
FNDA:5,(anonymous_7)
FNDA:3,(anonymous_8)
FNDA:2,(anonymous_9)
FNDA:1,(anonymous_10)
FNDA:0,(anonymous_11)
FNDA:3,(anonymous_12)
FNDA:3,(anonymous_13)
FNDA:1,(anonymous_14)
FNDA:1,(anonymous_15)
FNDA:3,(anonymous_16)
FNDA:1,(anonymous_17)
FNDA:1,(anonymous_18)
FNDA:3,(anonymous_19)
FNDA:4,(anonymous_20)
FNDA:6,(anonymous_21)
FNDA:2,(anonymous_22)
FNDA:6,(anonymous_23)
FNDA:24,(anonymous_24)
FNDA:0,(anonymous_25)
DA:11,8
DA:12,8
DA:13,8
DA:17,24
DA:21,100
DA:25,103
DA:26,103
DA:27,103
DA:28,0
DA:33,5
DA:34,0
DA:39,3
DA:40,3
DA:44,2
DA:45,2
DA:47,2
DA:48,2
DA:49,0
DA:51,2
DA:55,1
DA:59,0
DA:63,3
DA:64,1
DA:65,1
DA:69,3
DA:70,2
DA:75,1
DA:76,0
DA:78,1
DA:82,1
DA:83,3
DA:87,1
DA:88,0
DA:93,1
DA:94,0
DA:96,3
DA:100,4
DA:104,6
DA:109,2
DA:110,6
DA:111,24
DA:112,24
DA:119,0
DA:120,0
DA:121,0
DA:122,0
DA:123,0
DA:124,0
DA:125,0
DA:126,0
DA:127,0
LF:51
LH:35
BRDA:33,0,0,0
BRDA:33,0,1,5
BRDA:33,1,0,5
BRDA:33,1,1,5
BRDA:33,1,2,5
BRDA:33,1,3,5
BRDA:48,2,0,0
BRDA:48,2,1,2
BRDA:69,3,0,2
BRDA:69,3,1,1
BRDA:69,4,0,3
BRDA:69,4,1,2
BRDA:75,5,0,0
BRDA:75,5,1,1
BRDA:75,6,0,1
BRDA:75,6,1,1
BRDA:87,7,0,0
BRDA:87,7,1,1
BRDA:87,8,0,1
BRDA:87,8,1,1
BRDA:93,9,0,0
BRDA:93,9,1,1
BRDA:93,10,0,1
BRDA:93,10,1,1
BRDA:104,11,0,6
BRDA:104,11,1,0
BRDA:118,12,0,0
BRF:27
BRH:20
end_of_record
TN:
SF:src/interfaces/ICalculator.ts
FNF:0
FNH:0
LF:0
LH:0
BRF:0
BRH:0
end_of_record
TN:
SF:src/interfaces/ICell.ts
FNF:0
FNH:0
LF:0
LH:0
BRF:0
BRH:0
end_of_record
TN:
SF:src/interfaces/IExpression.ts
FNF:0
FNH:0
LF:0
LH:0
BRF:0
BRH:0
end_of_record
TN:
SF:src/interfaces/ISpreadsheet.ts
FNF:0
FNH:0
LF:0
LH:0
BRF:0
BRH:0
end_of_record
